2024-08-16 08:41:39 - <>c: INFO: Port overridden by startup argument. Set to 7777
2024-08-16 08:41:39 - TShock: INFO: TShock 5.2.0.0 (Intensity) now running.
2024-08-16 08:41:39 - TShock: INFO: AutoSave Enabled
2024-08-16 08:41:39 - TShock: INFO: Backups Enabled
2024-08-16 08:41:39 - TShock: INFO: Welcome to TShock for Terraria!
2024-08-16 08:41:39 - TShock: INFO: TShock comes with no warranty & is free software.
2024-08-16 08:41:39 - TShock: INFO: You can modify & distribute it under the terms of the GNU GPLv3.
2024-08-16 08:41:39 - AutoTeamPlugin: ERROR: [AutoTeam] Config file not present. Generated a config file at tshock/AutoTeam/AutoTeam.json
2024-08-16 08:41:50 - TShock: INFO: Login before join enabled. Users may be prompted for an account specific password instead of a server password on connect.
2024-08-16 08:41:50 - TShock: INFO: Login using UUID enabled. Users automatically login via UUID.
2024-08-16 08:41:50 - TShock: INFO: A malicious server can easily steal a user's UUID. You may consider turning this option off if you run a public server.
2024-08-16 08:43:37 - GetDataHandlers: INFO: kdeu19 authenticated successfully as user kdeu19.
2024-08-16 08:43:39 - TShock: INFO: kdeu19 (127.0.0.1) from 'default' group joined. (1/3)
2024-08-16 08:43:39 - Utils: INFO: Broadcast: kdeu19 has joined.
2024-08-16 08:43:40 - AutoTeamPlugin: INFO: [AutoTeam] Set kdeu19's team to Red.
2024-08-16 08:43:44 - TShock: INFO: sex (127.0.0.1) from 'guest' group joined. (2/3)
2024-08-16 08:43:44 - Utils: INFO: Broadcast: sex has joined.
2024-08-16 08:43:44 - AutoTeamPlugin: INFO: [AutoTeam] Set sex's team to Red.
2024-08-16 08:43:50 - GetDataHandlers: INFO: Goju authenticated successfully as user Goju.
2024-08-16 08:43:51 - TShock: INFO: Goju (127.0.0.1) from 'owner' group joined. (3/3)
2024-08-16 08:43:51 - Utils: INFO: Broadcast: Goju has joined.
2024-08-16 08:43:52 - AutoTeamPlugin: INFO: [AutoTeam] Set Goju's team to Red.
2024-08-16 08:44:18 - Utils: INFO: sex executed (args omitted): /login.
2024-08-16 08:44:28 - Utils: INFO: Goju executed (args omitted): /login.
2024-08-16 08:44:34 - Utils: INFO: Broadcast: Goju: niggaxxx
2024-08-16 08:44:45 - Utils: INFO: Broadcast: sex has left.
2024-08-16 08:44:45 - TShock: INFO: sex disconnected.
2024-08-16 08:44:55 - GetDataHandlers: INFO: niggaxxx authenticated successfully as user niggaxxx.
2024-08-16 08:44:57 - TShock: INFO: niggaxxx (127.0.0.1) from 'default' group joined. (3/3)
2024-08-16 08:44:57 - Utils: INFO: Broadcast: niggaxxx has joined.
2024-08-16 08:44:57 - AutoTeamPlugin: INFO: [AutoTeam] Set niggaxxx's team to Red.
2024-08-16 08:45:03 - Utils: INFO: Broadcast: Goju has left.
2024-08-16 08:45:03 - TShock: INFO: Goju disconnected.
2024-08-16 08:45:16 - TShock: INFO: 1/2 (127.0.0.1) from 'guest' group joined. (3/3)
2024-08-16 08:45:16 - Utils: INFO: Broadcast: 1/2 has joined.
2024-08-16 08:45:16 - AutoTeamPlugin: INFO: [AutoTeam] Set 1/2's team to Red.
2024-08-16 08:45:24 - Utils: INFO: 1/2 executed (args omitted): /login.
2024-08-16 08:45:24 - Commands: INFO: 1/2 authenticated successfully as user: Goju.
2024-08-16 08:45:27 - Utils: INFO: Broadcast: 1/2: a
2024-08-16 08:50:42 - Utils: INFO: 1/2 executed: /rocket niggaxxx.
2024-08-16 08:50:57 - Utils: INFO: 1/2 executed: /firework niggaxxx.
2024-08-16 08:51:02 - Utils: INFO: 1/2 executed: /firework niggaxxx.
2024-08-16 08:51:06 - Utils: INFO: 1/2 executed: /annoy niggaxxx.
2024-08-16 08:51:11 - Utils: INFO: 1/2 executed: /annoy niggaxxx 5.
2024-08-16 08:51:39 - Utils: INFO: Broadcast: Saving world...
2024-08-16 08:51:41 - Utils: INFO: Broadcast: World saved.
2024-08-16 08:51:41 - SaveManager: INFO: World saved at (tshock/backups/sex.wld.2024-08-16T08.51.39Z.bak)
2024-08-16 08:51:41 - BackupManager: INFO: World backed up (tshock/backups/sex.wld.2024-08-16T08.51.39Z.bak).
2024-08-16 08:53:31 - Utils: INFO: 1/2 executed: /save.
2024-08-16 08:53:31 - Utils: INFO: Broadcast: Saving world...
2024-08-16 08:53:33 - Utils: INFO: Broadcast: World saved.
2024-08-16 08:53:33 - SaveManager: INFO: World saved at (./sex.wld)
2024-08-16 08:53:37 - Utils: INFO: Broadcast: Saving world...
2024-08-16 08:54:30 - Commands: INFO: 1/2 executed: /off.
2024-08-16 08:54:30 - Utils: INFO: Broadcast: Saving world...
2024-08-16 08:54:31 - SaveManager: INFO: Broadcast: World saved.
2024-08-16 08:54:31 - StartHelper: INFO: World saved at (./sex.wld)
2024-08-16 08:54:31 - Utils: INFO: Broadcast: Server shutting down!
2024-08-16 08:54:31 - Utils: INFO: Broadcast: Saving world...
