2024-08-15 13:33:23 - TShock: INFO: TShock was improperly shut down. Please use the exit command in the future to prevent this.
2024-08-15 13:33:23 - <>c: INFO: Port overridden by startup argument. Set to 7777
2024-08-15 13:33:24 - TShock: INFO: TShock 5.2.0.0 (Intensity) now running.
2024-08-15 13:33:24 - TShock: INFO: AutoSave Enabled
2024-08-15 13:33:24 - TShock: INFO: Backups Enabled
2024-08-15 13:33:24 - TShock: INFO: Welcome to TShock for Terraria!
2024-08-15 13:33:24 - TShock: INFO: TShock comes with no warranty & is free software.
2024-08-15 13:33:24 - TShock: INFO: You can modify & distribute it under the terms of the GNU GPLv3.
2024-08-15 13:33:24 - AutoTeamPlugin: ERROR: [AutoTeam] Config file not present. Generated a config file at tshock/AutoTeam/AutoTeam.json
2024-08-15 13:33:35 - TShock: INFO: Login before join enabled. Users may be prompted for an account specific password instead of a server password on connect.
2024-08-15 13:33:35 - TShock: INFO: Login using UUID enabled. Users automatically login via UUID.
2024-08-15 13:33:35 - TShock: INFO: A malicious server can easily steal a user's UUID. You may consider turning this option off if you run a public server.
2024-08-15 13:34:47 - GetDataHandlers: INFO: kdeu19 authenticated successfully as user kdeu19.
2024-08-15 13:34:49 - TShock: INFO: kdeu19 (127.0.0.1) from 'default' group joined. (1/3)
2024-08-15 13:34:49 - Utils: INFO: Broadcast: kdeu19 has joined.
2024-08-15 13:34:49 - AutoTeamPlugin: INFO: [AutoTeam] Set kdeu19's team to Red.
2024-08-15 13:35:30 - GetDataHandlers: INFO: Goju authenticated successfully as user Goju.
2024-08-15 13:35:30 - TShock: INFO: Goju (127.0.0.1) from 'owner' group joined. (2/3)
2024-08-15 13:35:30 - Utils: INFO: Broadcast: Goju has joined.
2024-08-15 13:35:30 - AutoTeamPlugin: INFO: [AutoTeam] Set Goju's team to Red.
2024-08-15 13:43:24 - Utils: INFO: Broadcast: Saving world...
2024-08-15 13:43:25 - Utils: INFO: Broadcast: World saved.
2024-08-15 13:43:25 - SaveManager: INFO: World saved at (tshock/backups/sex.wld.2024-08-15T13.43.24Z.bak)
2024-08-15 13:43:25 - BackupManager: INFO: World backed up (tshock/backups/sex.wld.2024-08-15T13.43.24Z.bak).
2024-08-15 13:43:48 - Utils: INFO: Goju executed: /save.
2024-08-15 13:43:48 - Utils: INFO: Broadcast: Saving world...
2024-08-15 13:43:50 - Utils: INFO: Broadcast: World saved.
2024-08-15 13:43:50 - SaveManager: INFO: World saved at (./sex.wld)
2024-08-15 13:44:46 - Utils: INFO: Broadcast: Saving world...
2024-08-15 13:48:49 - Utils: INFO: Goju executed: /firework kdeu19.
2024-08-15 13:48:58 - Utils: INFO: Goju executed: /firework kdeu19.
2024-08-15 13:49:09 - Utils: INFO: Goju executed: /firework Goju.
2024-08-15 13:49:16 - Utils: INFO: Goju executed: /rocket Goju.
2024-08-15 13:49:37 - Utils: INFO: Goju executed: /rocket Goju.
2024-08-15 13:50:01 - Utils: INFO: Goju executed: /rocket Goju.
2024-08-15 13:50:07 - Utils: INFO: Goju executed: /firework Goju.
2024-08-15 13:51:31 - Utils: INFO: Goju executed: /rocket kdeu19.
2024-08-15 13:51:54 - Utils: INFO: Goju executed: /rocket kdeu19.
2024-08-15 13:51:58 - Utils: INFO: Goju executed: /rocket kdeu19.
2024-08-15 13:52:01 - Utils: INFO: Goju executed: /rocket kdeu19.
2024-08-15 13:52:21 - Utils: INFO: Goju executed: /rocket Goju.
2024-08-15 13:52:35 - Utils: INFO: Goju executed: /firework kdeu19.
2024-08-15 13:52:42 - Utils: INFO: Goju executed: /firework kdeu19.
2024-08-15 13:52:54 - Utils: INFO: Broadcast: Goju: firework kdeu19
2024-08-15 13:52:56 - Utils: INFO: Goju executed: /firework kdeu19.
2024-08-15 13:52:57 - Utils: INFO: Goju executed: /firework kdeu19.
2024-08-15 13:53:00 - Utils: INFO: Goju executed: /firework kdeu19.
2024-08-15 13:53:05 - Utils: INFO: Goju executed: /firework kdeu19.
2024-08-15 13:53:06 - Commands: INFO: Goju executed: /firework kdeu19.
2024-08-15 13:53:07 - Commands: INFO: Goju executed: /firework kdeu19.
2024-08-15 13:53:08 - Commands: INFO: Goju executed: /firework kdeu19.
2024-08-15 13:53:09 - Commands: INFO: Goju executed: /firework kdeu19.
2024-08-15 13:53:17 - Commands: INFO: Goju executed: /rocket kdeu19.
2024-08-15 13:53:24 - Utils: INFO: Broadcast: Saving world...
2024-08-15 13:53:25 - SaveManager: INFO: Broadcast: World saved.
2024-08-15 13:53:25 - StartHelper: INFO: World saved at (tshock/backups/sex.wld.2024-08-15T13.53.24Z.bak)
2024-08-15 13:53:25 - BackupManager: INFO: World backed up (tshock/backups/sex.wld.2024-08-15T13.53.24Z.bak).
2024-08-15 13:54:46 - Utils: INFO: Broadcast: Saving world...
2024-08-15 14:03:24 - Utils: INFO: Broadcast: Saving world...
2024-08-15 14:03:25 - SaveManager: INFO: Broadcast: World saved.
2024-08-15 14:03:25 - StartHelper: INFO: World saved at (tshock/backups/sex.wld.2024-08-15T14.03.24Z.bak)
2024-08-15 14:03:25 - BackupManager: INFO: World backed up (tshock/backups/sex.wld.2024-08-15T14.03.24Z.bak).
2024-08-15 14:04:46 - Utils: INFO: Broadcast: Saving world...
2024-08-15 14:09:25 - Commands: INFO: Goju executed: /rocket Goju.
2024-08-15 14:09:29 - Commands: INFO: Goju executed: /rocket Goju.
2024-08-15 14:09:38 - Commands: INFO: Goju executed: /rocket Goju.
2024-08-15 14:09:47 - Commands: INFO: Goju executed: /rocket Goju.
2024-08-15 14:09:55 - Commands: INFO: Goju executed: /rocket Goju.
2024-08-15 14:10:03 - Commands: INFO: Goju executed: /rocket Goju.
2024-08-15 14:10:10 - Commands: INFO: Goju executed: /rocket Goju.
2024-08-15 14:10:19 - Commands: INFO: Goju executed: /rocket Gojua.
2024-08-15 14:10:25 - Commands: INFO: Goju executed: /rocket Goju.
2024-08-15 14:10:27 - Commands: INFO: Goju executed: /rocket Goju.
2024-08-15 14:10:33 - Commands: INFO: Goju executed: /firework kdeu19.
2024-08-15 14:13:04 - Commands: INFO: Goju executed: /rocket Goju.
2024-08-15 14:13:11 - Commands: INFO: Goju executed: /firework kdeu19.
2024-08-15 14:13:24 - Utils: INFO: Broadcast: Saving world...
2024-08-15 14:13:26 - SaveManager: INFO: Broadcast: World saved.
2024-08-15 14:13:26 - StartHelper: INFO: World saved at (tshock/backups/sex.wld.2024-08-15T14.13.24Z.bak)
2024-08-15 14:13:26 - BackupManager: INFO: World backed up (tshock/backups/sex.wld.2024-08-15T14.13.24Z.bak).
2024-08-15 14:14:46 - Utils: INFO: Broadcast: Saving world...
2024-08-15 14:23:24 - Utils: INFO: Broadcast: Saving world...
2024-08-15 14:23:25 - SaveManager: INFO: Broadcast: World saved.
2024-08-15 14:23:25 - StartHelper: INFO: World saved at (tshock/backups/sex.wld.2024-08-15T14.23.24Z.bak)
2024-08-15 14:23:25 - BackupManager: INFO: World backed up (tshock/backups/sex.wld.2024-08-15T14.23.24Z.bak).
2024-08-15 14:24:47 - Utils: INFO: Broadcast: Saving world...
