2024-08-14 06:04:26 - TShock: INFO: TShock was improperly shut down. Please use the exit command in the future to prevent this.
2024-08-14 06:04:26 - <>c: INFO: Port overridden by startup argument. Set to 7777
2024-08-14 06:04:26 - TShock: INFO: TShock 5.2.0.0 (Intensity) now running.
2024-08-14 06:04:26 - TShock: INFO: AutoSave Enabled
2024-08-14 06:04:26 - TShock: INFO: Backups Enabled
2024-08-14 06:04:26 - TShock: INFO: Welcome to TShock for Terraria!
2024-08-14 06:04:26 - TShock: INFO: TShock comes with no warranty & is free software.
2024-08-14 06:04:26 - TShock: INFO: You can modify & distribute it under the terms of the GNU GPLv3.
2024-08-14 06:04:26 - AutoTeamPlugin: ERROR: [AutoTeam] Config file not present. Generated a config file at tshock/AutoTeam/AutoTeam.json
2024-08-14 06:04:37 - TShock: INFO: Login before join enabled. Users may be prompted for an account specific password instead of a server password on connect.
2024-08-14 06:04:37 - TShock: INFO: Login using UUID enabled. Users automatically login via UUID.
2024-08-14 06:04:37 - TShock: INFO: A malicious server can easily steal a user's UUID. You may consider turning this option off if you run a public server.
2024-08-14 06:07:45 - GetDataHandlers: INFO: Goju authenticated successfully as user Goju.
2024-08-14 06:07:46 - TShock: INFO: Goju (127.0.0.1) from 'owner' group joined. (1/3)
2024-08-14 06:07:46 - Utils: INFO: Broadcast: Goju has joined.
2024-08-14 06:07:46 - AutoTeamPlugin: INFO: [AutoTeam] Set Goju's team to Red.
2024-08-14 06:09:35 - GetDataHandlers: INFO: kdeu19 authenticated successfully as user kdeu19.
2024-08-14 06:09:37 - TShock: INFO: kdeu19 (127.0.0.1) from 'default' group joined. (2/3)
2024-08-14 06:09:37 - Utils: INFO: Broadcast: kdeu19 has joined.
2024-08-14 06:09:37 - AutoTeamPlugin: INFO: [AutoTeam] Set kdeu19's team to Red.
2024-08-14 06:09:51 - Utils: INFO: Goju executed: /save.
2024-08-14 06:09:51 - Utils: INFO: Broadcast: Saving world...
2024-08-14 06:09:53 - Utils: INFO: Broadcast: World saved.
2024-08-14 06:09:53 - SaveManager: INFO: World saved at (./sex.wld)
2024-08-14 06:09:54 - Utils: INFO: Goju executed: /save.
2024-08-14 06:09:54 - Utils: INFO: Broadcast: Saving world...
2024-08-14 06:09:56 - Utils: INFO: Broadcast: World saved.
2024-08-14 06:09:56 - SaveManager: INFO: World saved at (./sex.wld)
2024-08-14 06:09:57 - Utils: INFO: Goju executed: /save.
2024-08-14 06:09:57 - Utils: INFO: Broadcast: Saving world...
2024-08-14 06:09:59 - Utils: INFO: Broadcast: World saved.
2024-08-14 06:09:59 - SaveManager: INFO: World saved at (./sex.wld)
2024-08-14 06:14:26 - Utils: INFO: Broadcast: Saving world...
2024-08-14 06:14:28 - Utils: INFO: Broadcast: World saved.
2024-08-14 06:14:28 - SaveManager: INFO: World saved at (tshock/backups/sex.wld.2024-08-14T06.14.26Z.bak)
2024-08-14 06:14:28 - BackupManager: INFO: World backed up (tshock/backups/sex.wld.2024-08-14T06.14.26Z.bak).
2024-08-14 06:17:45 - Utils: INFO: Broadcast: Saving world...
2024-08-14 06:17:56 - Utils: INFO: Goju executed: /broadcast h.
2024-08-14 06:17:56 - Utils: INFO: Broadcast: (Server Broadcast) h
2024-08-14 06:24:26 - Utils: INFO: Broadcast: Saving world...
2024-08-14 06:24:28 - Utils: INFO: Broadcast: World saved.
2024-08-14 06:24:28 - SaveManager: INFO: World saved at (tshock/backups/sex.wld.2024-08-14T06.24.26Z.bak)
2024-08-14 06:24:28 - BackupManager: INFO: World backed up (tshock/backups/sex.wld.2024-08-14T06.24.26Z.bak).
2024-08-14 06:27:45 - Utils: INFO: Broadcast: Saving world...
2024-08-14 06:34:26 - Utils: INFO: Broadcast: Saving world...
2024-08-14 06:34:28 - Utils: INFO: Broadcast: World saved.
2024-08-14 06:34:28 - SaveManager: INFO: World saved at (tshock/backups/sex.wld.2024-08-14T06.34.26Z.bak)
2024-08-14 06:34:28 - BackupManager: INFO: World backed up (tshock/backups/sex.wld.2024-08-14T06.34.26Z.bak).
2024-08-14 06:37:45 - Utils: INFO: Broadcast: Saving world...
