2024-08-25 03:20:58 - TShock: INFO: TShock was improperly shut down. Please use the exit command in the future to prevent this.
2024-08-25 03:20:58 - <>c: INFO: Port overridden by startup argument. Set to 7777
2024-08-25 03:20:58 - TShock: INFO: TShock 5.2.0.0 (Intensity) now running.
2024-08-25 03:20:58 - TShock: INFO: AutoSave Enabled
2024-08-25 03:20:58 - TShock: INFO: Backups Enabled
2024-08-25 03:20:58 - TShock: INFO: Welcome to TShock for Terraria!
2024-08-25 03:20:58 - TShock: INFO: TShock comes with no warranty & is free software.
2024-08-25 03:20:58 - TShock: INFO: You can modify & distribute it under the terms of the GNU GPLv3.
2024-08-25 03:20:58 - AutoTeamPlugin: ERROR: [AutoTeam] Config file not present. Generated a config file at tshock/AutoTeam/AutoTeam.json
2024-08-25 03:21:09 - TShock: INFO: Login before join enabled. Users may be prompted for an account specific password instead of a server password on connect.
2024-08-25 03:21:09 - TShock: INFO: Login using UUID enabled. Users automatically login via UUID.
2024-08-25 03:21:09 - TShock: INFO: A malicious server can easily steal a user's UUID. You may consider turning this option off if you run a public server.
2024-08-25 03:21:54 - GetDataHandlers: INFO: Goju authenticated successfully as user Goju.
2024-08-25 03:21:56 - TShock: INFO: Goju (127.0.0.1) from 'owner' group joined. (1/3)
2024-08-25 03:21:56 - Utils: INFO: Broadcast: Goju has joined.
2024-08-25 03:21:57 - AutoTeamPlugin: INFO: [AutoTeam] Set Goju's team to Red.
2024-08-25 03:24:28 - GetDataHandlers: INFO: kdeu19 authenticated successfully as user kdeu19.
2024-08-25 03:24:29 - TShock: INFO: kdeu19 (127.0.0.1) from 'default' group joined. (2/3)
2024-08-25 03:24:29 - Utils: INFO: Broadcast: kdeu19 has joined.
2024-08-25 03:24:29 - AutoTeamPlugin: INFO: [AutoTeam] Set kdeu19's team to Red.
2024-08-25 03:27:50 - Utils: INFO: Goju executed: /buff.
2024-08-25 03:27:59 - Utils: INFO: Goju executed: /firework all.
2024-08-25 03:28:03 - Utils: INFO: Goju executed: /firework goju.
2024-08-25 03:28:11 - Utils: INFO: Goju executed: /firework goju.
2024-08-25 03:30:58 - Utils: INFO: Broadcast: Saving world...
2024-08-25 03:31:00 - Utils: INFO: Broadcast: World saved.
2024-08-25 03:31:00 - SaveManager: INFO: World saved at (tshock/backups/sex.wld.2024-08-25T03.30.58Z.bak)
2024-08-25 03:31:00 - BackupManager: INFO: World backed up (tshock/backups/sex.wld.2024-08-25T03.30.58Z.bak).
2024-08-25 03:31:48 - TSPlayer: INFO: Player kdeu19 has been disabled for Reached TileKill threshold..
2024-08-25 03:31:53 - Utils: INFO: Broadcast: Saving world...
2024-08-25 03:34:06 - TSPlayer: INFO: Player kdeu19 has been disabled for Reached TileKill threshold..
2024-08-25 03:35:23 - TSPlayer: INFO: Player kdeu19 has been disabled for Reached TileKill threshold..
2024-08-25 03:38:03 - Utils: INFO: kdeu19 summoned the Queen Bee!
2024-08-25 03:40:58 - Utils: INFO: Broadcast: Saving world...
2024-08-25 03:41:00 - Utils: INFO: Broadcast: World saved.
2024-08-25 03:41:00 - SaveManager: INFO: World saved at (tshock/backups/sex.wld.2024-08-25T03.40.58Z.bak)
2024-08-25 03:41:00 - BackupManager: INFO: World backed up (tshock/backups/sex.wld.2024-08-25T03.40.58Z.bak).
2024-08-25 03:41:53 - Utils: INFO: Broadcast: Saving world...
2024-08-25 03:50:58 - Utils: INFO: Broadcast: Saving world...
2024-08-25 03:51:00 - Utils: INFO: Broadcast: World saved.
2024-08-25 03:51:00 - SaveManager: INFO: World saved at (tshock/backups/sex.wld.2024-08-25T03.50.58Z.bak)
2024-08-25 03:51:00 - BackupManager: INFO: World backed up (tshock/backups/sex.wld.2024-08-25T03.50.58Z.bak).
2024-08-25 03:51:15 - Utils: INFO: Goju executed: /give health.
2024-08-25 03:51:21 - Utils: INFO: Goju executed: /give health goju.
2024-08-25 03:51:25 - Utils: INFO: Goju executed: /give health potion.
2024-08-25 03:51:53 - Utils: INFO: Broadcast: Saving world...
2024-08-25 03:58:33 - Utils: INFO: Goju executed: /help 3.
2024-08-25 03:58:38 - Utils: INFO: Goju executed: /gbuff.
2024-08-25 03:58:48 - Utils: INFO: Goju executed: /gbuff kdeu19 regen 1.
2024-08-25 03:59:01 - Utils: INFO: Goju executed: /give.
2024-08-25 04:00:58 - Utils: INFO: Broadcast: Saving world...
2024-08-25 04:01:00 - SaveManager: INFO: Broadcast: World saved.
2024-08-25 04:01:00 - StartHelper: INFO: World saved at (tshock/backups/sex.wld.2024-08-25T04.00.58Z.bak)
2024-08-25 04:01:00 - BackupManager: INFO: World backed up (tshock/backups/sex.wld.2024-08-25T04.00.58Z.bak).
2024-08-25 04:01:52 - GetDataHandlers: INFO: kdeu19 summoned the Queen Bee!
2024-08-25 04:01:53 - Utils: INFO: Broadcast: Saving world...
2024-08-25 04:02:36 - TSPlayer: INFO: Player kdeu19 has been disabled for Reached projectile create threshold..
2024-08-25 04:06:41 - TSPlayer: INFO: Player kdeu19 has been disabled for Reached projectile create threshold..
2024-08-25 04:06:51 - TSPlayer: INFO: Player kdeu19 has been disabled for Reached projectile create threshold..
2024-08-25 04:10:58 - Utils: INFO: Broadcast: Saving world...
2024-08-25 04:11:00 - SaveManager: INFO: Broadcast: World saved.
2024-08-25 04:11:00 - StartHelper: INFO: World saved at (tshock/backups/sex.wld.2024-08-25T04.10.58Z.bak)
2024-08-25 04:11:00 - BackupManager: INFO: World backed up (tshock/backups/sex.wld.2024-08-25T04.10.58Z.bak).
2024-08-25 04:11:53 - Utils: INFO: Broadcast: Saving world...
2024-08-25 04:13:57 - TShock: INFO: Broadcast: kdeu19 has left.
2024-08-25 04:13:57 - HandlerCollection`1: INFO: kdeu19 disconnected.
2024-08-25 04:14:09 - Commands: INFO: Goju executed: /give 29 goju 100.
2024-08-25 04:14:30 - Commands: INFO: Goju executed: /give bee gun goju.
2024-08-25 04:14:52 - Commands: INFO: Goju executed: /give 1121 goju 5.
2024-08-25 04:14:57 - Commands: INFO: Goju executed: /give 1121 goju 5.
2024-08-25 04:15:01 - Commands: INFO: Goju executed: /give 1121 goju 5.
2024-08-25 04:16:01 - TShock: INFO: Broadcast: Goju: /
2024-08-25 04:16:12 - Commands: INFO: Goju executed: /give mythical 1121 goju 1.
2024-08-25 04:16:16 - Commands: INFO: Goju executed: /give.
2024-08-25 04:16:24 - Commands: INFO: Goju executed: /give 1121 goju 1 Mythical.
2024-08-25 04:16:41 - Commands: INFO: Goju executed: /give katana goju.
2024-08-25 04:16:52 - Commands: INFO: Goju executed: /give katana goju 1 Mythical.
2024-08-25 04:17:05 - Commands: INFO: Goju executed: /give katana goju 1 Mythical.
2024-08-25 04:17:20 - Commands: INFO: Goju executed: /give katana goju 1 mythical.
2024-08-25 04:17:21 - Commands: INFO: Goju executed: /give katana goju 1 mythical.
2024-08-25 04:17:22 - Commands: INFO: Goju executed: /give katana goju 1 mythical.
2024-08-25 04:17:23 - Commands: INFO: Goju executed: /give katana goju 1 mythical.
2024-08-25 04:17:51 - Commands: INFO: Goju executed: /give katana goju 1 mythical.
2024-08-25 04:17:53 - Commands: INFO: Goju executed: /give katana goju 1 mythical.
2024-08-25 04:17:53 - Commands: INFO: Goju executed: /give katana goju 1 mythical.
2024-08-25 04:17:54 - Commands: INFO: Goju executed: /give katana goju 1 mythical.
2024-08-25 04:17:55 - Commands: INFO: Goju executed: /give katana goju 1 mythicalv.
2024-08-25 04:17:56 - Commands: INFO: Goju executed: /give katana goju 1 mythical.
2024-08-25 04:17:57 - Commands: INFO: Goju executed: /give katana goju 1 mythical.
2024-08-25 04:17:58 - Commands: INFO: Goju executed: /give katana goju 1 mythical.
2024-08-25 04:17:59 - Commands: INFO: Goju executed: /give katana goju 1 mythical.
2024-08-25 04:18:00 - Commands: INFO: Goju executed: /give katana goju 1 mythical.
2024-08-25 04:18:08 - Commands: INFO: Goju executed: /give katana goju 1 mythical.
2024-08-25 04:18:10 - Commands: INFO: Goju executed: /give katana goju 1 mythical.
2024-08-25 04:18:10 - Commands: INFO: Goju executed: /give katana goju 1 mythical.
2024-08-25 04:18:11 - Commands: INFO: Goju executed: /give katana goju 1 mythical.
2024-08-25 04:18:13 - Commands: INFO: Goju executed: /give katana goju 1 mythical.
2024-08-25 04:18:15 - Commands: INFO: Goju executed: /give katana goju 1 mythical.
2024-08-25 04:18:16 - Commands: INFO: Goju executed: /give katana goju 1 mythical.
2024-08-25 04:18:17 - Commands: INFO: Goju executed: /give katana goju 1 mythical.
2024-08-25 04:18:18 - Commands: INFO: Goju executed: /give katana goju 1 mythical.
2024-08-25 04:18:19 - Commands: INFO: Goju executed: /give katana goju 1 mythical.
2024-08-25 04:18:31 - Commands: INFO: Goju executed: /give katana goju 1 mythical.
2024-08-25 04:18:32 - Commands: INFO: Goju executed: /give katana goju 1 mythical.
2024-08-25 04:18:34 - Commands: INFO: Goju executed: /give katana goju 1 mythical.
2024-08-25 04:18:35 - Commands: INFO: Goju executed: /give katana goju 1 mythical.
2024-08-25 04:18:35 - Commands: INFO: Goju executed: /give katana goju 1 mythical.
2024-08-25 04:18:37 - Commands: INFO: Goju executed: /give katana goju 1 mythical.
2024-08-25 04:18:38 - Commands: INFO: Goju executed: /give katana goju 1 mythical.
2024-08-25 04:18:39 - Commands: INFO: Goju executed: /give katana goju 1 mythical.
2024-08-25 04:18:40 - Commands: INFO: Goju executed: /give katana goju 1 mythical.
2024-08-25 04:18:50 - Commands: INFO: Goju executed: /give katana goju 1 mythical.
2024-08-25 04:18:51 - Commands: INFO: Goju executed: /give katana goju 1 mythical.
2024-08-25 04:18:52 - Commands: INFO: Goju executed: /give katana goju 1 mythical.
2024-08-25 04:18:53 - Commands: INFO: Goju executed: /give katana goju 1 mythical.
2024-08-25 04:18:54 - Commands: INFO: Goju executed: /give katana goju 1 mythical.
2024-08-25 04:18:55 - Commands: INFO: Goju executed: /give katana goju 1 mythical.
2024-08-25 04:18:56 - Commands: INFO: Goju executed: /give katana goju 1 mythical.
2024-08-25 04:18:57 - Commands: INFO: Goju executed: /give katana goju 1 mythical.
2024-08-25 04:18:58 - Commands: INFO: Goju executed: /give katana goju 1 mythical.
2024-08-25 04:19:09 - Commands: INFO: Goju executed: /give katana goju 1 mythical.
2024-08-25 04:19:10 - Commands: INFO: Goju executed: /give katana goju 1 mythical.
2024-08-25 04:19:10 - Commands: INFO: Goju executed: /give katana goju 1 mythical.
2024-08-25 04:19:11 - Commands: INFO: Goju executed: /give katana goju 1 mythical.
2024-08-25 04:19:12 - Commands: INFO: Goju executed: /give katana goju 1 mythical.
2024-08-25 04:19:22 - Commands: INFO: Goju executed: /give katana goju 1 Legendary.
2024-08-25 04:20:44 - Commands: INFO: Goju executed: /give 4062 Goju Mythical.
2024-08-25 04:20:58 - Utils: INFO: Broadcast: Saving world...
2024-08-25 04:21:00 - SaveManager: INFO: Broadcast: World saved.
2024-08-25 04:21:00 - StartHelper: INFO: World saved at (tshock/backups/sex.wld.2024-08-25T04.20.58Z.bak)
2024-08-25 04:21:00 - BackupManager: INFO: World backed up (tshock/backups/sex.wld.2024-08-25T04.20.58Z.bak).
2024-08-25 04:21:14 - Commands: INFO: Goju executed: /off.
2024-08-25 04:21:14 - Utils: INFO: Broadcast: Saving world...
2024-08-25 04:21:16 - SaveManager: INFO: Broadcast: World saved.
2024-08-25 04:21:16 - StartHelper: INFO: World saved at (./sex.wld)
2024-08-25 04:21:16 - Utils: INFO: Broadcast: Server shutting down!
2024-08-25 04:21:16 - Utils: INFO: Broadcast: Saving world...
