2024-08-17 03:16:59 - TShock: INFO: TShock was improperly shut down. Please use the exit command in the future to prevent this.
2024-08-17 03:16:59 - <>c: INFO: Port overridden by startup argument. Set to 7777
2024-08-17 03:16:59 - TShock: INFO: TShock 5.2.0.0 (Intensity) now running.
2024-08-17 03:16:59 - TShock: INFO: AutoSave Enabled
2024-08-17 03:16:59 - TShock: INFO: Backups Enabled
2024-08-17 03:16:59 - TShock: INFO: Welcome to TShock for Terraria!
2024-08-17 03:16:59 - TShock: INFO: TShock comes with no warranty & is free software.
2024-08-17 03:16:59 - TShock: INFO: You can modify & distribute it under the terms of the GNU GPLv3.
2024-08-17 03:16:59 - AutoTeamPlugin: ERROR: [AutoTeam] Config file not present. Generated a config file at tshock/AutoTeam/AutoTeam.json
2024-08-17 03:17:11 - TShock: INFO: Login before join enabled. Users may be prompted for an account specific password instead of a server password on connect.
2024-08-17 03:17:11 - TShock: INFO: Login using UUID enabled. Users automatically login via UUID.
2024-08-17 03:17:11 - TShock: INFO: A malicious server can easily steal a user's UUID. You may consider turning this option off if you run a public server.
2024-08-17 03:17:13 - GetDataHandlers: INFO: kdeu19 authenticated successfully as user kdeu19.
2024-08-17 03:17:15 - TShock: INFO: kdeu19 (127.0.0.1) from 'default' group joined. (1/3)
2024-08-17 03:17:15 - Utils: INFO: Broadcast: kdeu19 has joined.
2024-08-17 03:17:15 - AutoTeamPlugin: INFO: [AutoTeam] Set kdeu19's team to Red.
2024-08-17 03:17:25 - TShock: INFO: 1/2 (127.0.0.1) from 'guest' group joined. (2/3)
2024-08-17 03:17:25 - Utils: INFO: Broadcast: 1/2 has joined.
2024-08-17 03:17:25 - AutoTeamPlugin: INFO: [AutoTeam] Set 1/2's team to Red.
2024-08-17 03:17:29 - Utils: INFO: 1/2 executed (args omitted): /login.
2024-08-17 03:17:35 - TSPlayer: INFO: Player kdeu19 has been disabled for Reached TileKill threshold..
2024-08-17 03:17:35 - Utils: INFO: 1/2 executed (args omitted): /login.
2024-08-17 03:17:35 - Commands: INFO: 1/2 authenticated successfully as user: Goju.
2024-08-17 03:17:49 - TSPlayer: INFO: Player kdeu19 has been disabled for Reached TileKill threshold..
2024-08-17 03:18:01 - TSPlayer: INFO: Player kdeu19 has been disabled for Reached TileKill threshold..
2024-08-17 03:26:59 - Utils: INFO: Broadcast: Saving world...
2024-08-17 03:27:01 - Utils: INFO: Broadcast: World saved.
2024-08-17 03:27:01 - SaveManager: INFO: World saved at (tshock/backups/sex.wld.2024-08-17T03.26.59Z.bak)
2024-08-17 03:27:01 - BackupManager: INFO: World backed up (tshock/backups/sex.wld.2024-08-17T03.26.59Z.bak).
2024-08-17 03:27:13 - Utils: INFO: Broadcast: Saving world...
2024-08-17 03:36:59 - Utils: INFO: Broadcast: Saving world...
2024-08-17 03:37:01 - Utils: INFO: Broadcast: World saved.
2024-08-17 03:37:01 - SaveManager: INFO: World saved at (tshock/backups/sex.wld.2024-08-17T03.36.59Z.bak)
2024-08-17 03:37:01 - BackupManager: INFO: World backed up (tshock/backups/sex.wld.2024-08-17T03.36.59Z.bak).
2024-08-17 03:37:13 - Utils: INFO: Broadcast: Saving world...
2024-08-17 03:46:59 - Utils: INFO: Broadcast: Saving world...
2024-08-17 03:47:01 - Utils: INFO: Broadcast: World saved.
2024-08-17 03:47:01 - SaveManager: INFO: World saved at (tshock/backups/sex.wld.2024-08-17T03.46.59Z.bak)
2024-08-17 03:47:01 - BackupManager: INFO: World backed up (tshock/backups/sex.wld.2024-08-17T03.46.59Z.bak).
2024-08-17 03:47:13 - Utils: INFO: Broadcast: Saving world...
