2024-08-16 14:48:51 - TShock: INFO: TShock was improperly shut down. Please use the exit command in the future to prevent this.
2024-08-16 14:48:51 - <>c: INFO: Port overridden by startup argument. Set to 7777
2024-08-16 14:48:51 - TShock: INFO: TShock 5.2.0.0 (Intensity) now running.
2024-08-16 14:48:51 - TShock: INFO: AutoSave Enabled
2024-08-16 14:48:51 - TShock: INFO: Backups Enabled
2024-08-16 14:48:51 - TShock: INFO: Welcome to TShock for Terraria!
2024-08-16 14:48:51 - TShock: INFO: TShock comes with no warranty & is free software.
2024-08-16 14:48:51 - TShock: INFO: You can modify & distribute it under the terms of the GNU GPLv3.
2024-08-16 14:48:51 - AutoTeamPlugin: ERROR: [AutoTeam] Config file not present. Generated a config file at tshock/AutoTeam/AutoTeam.json
2024-08-16 14:49:01 - TShock: INFO: Login before join enabled. Users may be prompted for an account specific password instead of a server password on connect.
2024-08-16 14:49:01 - TShock: INFO: Login using UUID enabled. Users automatically login via UUID.
2024-08-16 14:49:01 - TShock: INFO: A malicious server can easily steal a user's UUID. You may consider turning this option off if you run a public server.
2024-08-16 14:49:28 - GetDataHandlers: INFO: kdeu19 authenticated successfully as user kdeu19.
2024-08-16 14:49:30 - TShock: INFO: kdeu19 (127.0.0.1) from 'default' group joined. (1/3)
2024-08-16 14:49:30 - Utils: INFO: Broadcast: kdeu19 has joined.
2024-08-16 14:49:30 - AutoTeamPlugin: INFO: [AutoTeam] Set kdeu19's team to Red.
2024-08-16 14:53:28 - TSPlayer: INFO: Player kdeu19 has been disabled for Reached TileKill threshold..
2024-08-16 14:54:15 - TSPlayer: INFO: Player kdeu19 has been disabled for Reached TileKill threshold..
2024-08-16 14:58:51 - Utils: INFO: Broadcast: Saving world...
2024-08-16 14:58:52 - Utils: INFO: Broadcast: World saved.
2024-08-16 14:58:52 - SaveManager: INFO: World saved at (tshock/backups/sex.wld.2024-08-16T14.58.51Z.bak)
2024-08-16 14:58:52 - BackupManager: INFO: World backed up (tshock/backups/sex.wld.2024-08-16T14.58.51Z.bak).
2024-08-16 14:59:28 - Utils: INFO: Broadcast: Saving world...
2024-08-16 14:59:45 - TSPlayer: INFO: Player kdeu19 has been disabled for Reached TileKill threshold..
2024-08-16 15:01:05 - TSPlayer: INFO: Player kdeu19 has been disabled for Reached TileKill threshold..
2024-08-16 15:03:20 - TSPlayer: INFO: Player kdeu19 has been disabled for Reached TileKill threshold..
2024-08-16 15:03:44 - TSPlayer: INFO: Player kdeu19 has been disabled for Reached TileKill threshold..
2024-08-16 15:04:37 - TSPlayer: INFO: Player kdeu19 has been disabled for Reached TileKill threshold..
2024-08-16 15:06:21 - TSPlayer: INFO: Player kdeu19 has been disabled for Reached TileKill threshold..
2024-08-16 15:08:51 - Utils: INFO: Broadcast: Saving world...
2024-08-16 15:08:52 - Utils: INFO: Broadcast: World saved.
2024-08-16 15:08:52 - SaveManager: INFO: World saved at (tshock/backups/sex.wld.2024-08-16T15.08.51Z.bak)
2024-08-16 15:08:52 - BackupManager: INFO: World backed up (tshock/backups/sex.wld.2024-08-16T15.08.51Z.bak).
2024-08-16 15:09:28 - Utils: INFO: Broadcast: Saving world...
2024-08-16 15:10:56 - Utils: INFO: Server executed: /save.
2024-08-16 15:10:56 - Utils: INFO: Broadcast: Saving world...
2024-08-16 15:11:00 - Utils: INFO: Broadcast: World saved.
2024-08-16 15:11:00 - SaveManager: INFO: World saved at (./sex.wld)
2024-08-16 15:17:18 - Utils: INFO: Broadcast: kdeu19 has left.
2024-08-16 15:17:18 - TShock: INFO: kdeu19 disconnected.
2024-08-16 15:17:18 - Utils: INFO: Broadcast: Saving world...
2024-08-16 15:17:20 - Utils: INFO: Broadcast: World saved.
2024-08-16 15:17:20 - SaveManager: INFO: World saved at (./sex.wld)
2024-08-16 15:17:20 - GetDataHandlers: INFO: kdeu19 authenticated successfully as user kdeu19.
2024-08-16 15:17:22 - TShock: INFO: kdeu19 (127.0.0.1) from 'default' group joined. (1/3)
2024-08-16 15:17:22 - Utils: INFO: Broadcast: kdeu19 has joined.
2024-08-16 15:17:22 - AutoTeamPlugin: INFO: [AutoTeam] Set kdeu19's team to Red.
2024-08-16 15:18:13 - Utils: INFO: Server executed: /save.
2024-08-16 15:18:13 - Utils: INFO: Broadcast: Saving world...
2024-08-16 15:18:15 - Utils: INFO: Broadcast: World saved.
2024-08-16 15:18:15 - SaveManager: INFO: World saved at (./sex.wld)
2024-08-16 15:18:51 - Utils: INFO: Broadcast: Saving world...
2024-08-16 15:18:53 - Utils: INFO: Broadcast: World saved.
2024-08-16 15:18:53 - SaveManager: INFO: World saved at (tshock/backups/sex.wld.2024-08-16T15.18.51Z.bak)
2024-08-16 15:18:53 - BackupManager: INFO: World backed up (tshock/backups/sex.wld.2024-08-16T15.18.51Z.bak).
2024-08-16 15:19:30 - Utils: INFO: Broadcast: Saving world...
2024-08-16 15:22:49 - TShock: INFO: Broadcast: kdeu19 has left.
2024-08-16 15:22:49 - HandlerCollection`1: INFO: kdeu19 disconnected.
2024-08-16 15:22:49 - Utils: INFO: Broadcast: Saving world...
2024-08-16 15:22:51 - SaveManager: INFO: Broadcast: World saved.
2024-08-16 15:22:51 - StartHelper: INFO: World saved at (./sex.wld)
