2024-08-27 04:58:44 - TShock: INFO: TShock was improperly shut down. Please use the exit command in the future to prevent this.
2024-08-27 04:58:44 - <>c: INFO: Port overridden by startup argument. Set to 7777
2024-08-27 04:58:44 - TShock: INFO: TShock 5.2.0.0 (Intensity) now running.
2024-08-27 04:58:44 - TShock: INFO: AutoSave Enabled
2024-08-27 04:58:44 - TShock: INFO: Backups Enabled
2024-08-27 04:58:44 - TShock: INFO: Welcome to TShock for Terraria!
2024-08-27 04:58:44 - TShock: INFO: TShock comes with no warranty & is free software.
2024-08-27 04:58:44 - TShock: INFO: You can modify & distribute it under the terms of the GNU GPLv3.
2024-08-27 04:58:44 - AutoTeamPlugin: ERROR: [AutoTeam] Config file not present. Generated a config file at tshock/AutoTeam/AutoTeam.json
2024-08-27 04:58:51 - TShock: INFO: Login before join enabled. Users may be prompted for an account specific password instead of a server password on connect.
2024-08-27 04:58:51 - TShock: INFO: Login using UUID enabled. Users automatically login via UUID.
2024-08-27 04:58:51 - TShock: INFO: A malicious server can easily steal a user's UUID. You may consider turning this option off if you run a public server.
2024-08-27 04:59:17 - GetDataHandlers: INFO: kdeu19 authenticated successfully as user kdeu19.
2024-08-27 04:59:19 - TShock: INFO: kdeu19 (127.0.0.1) from 'default' group joined. (1/2)
2024-08-27 04:59:19 - Utils: INFO: Broadcast: kdeu19 has joined.
2024-08-27 04:59:19 - AutoTeamPlugin: INFO: [AutoTeam] Set kdeu19's team to Red.
2024-08-27 05:01:18 - GetDataHandlers: INFO: Goju authenticated successfully as user Goju.
2024-08-27 05:01:19 - TShock: INFO: Goju (127.0.0.1) from 'owner' group joined. (2/2)
2024-08-27 05:01:19 - Utils: INFO: Broadcast: Goju has joined.
2024-08-27 05:01:19 - AutoTeamPlugin: INFO: [AutoTeam] Set Goju's team to Red.
2024-08-27 05:08:44 - Utils: INFO: Broadcast: Saving world...
2024-08-27 05:08:45 - Utils: INFO: Broadcast: World saved.
2024-08-27 05:08:45 - SaveManager: INFO: World saved at (tshock/backups/sex.wld.2024-08-27T05.08.44Z.bak)
2024-08-27 05:08:45 - BackupManager: INFO: World backed up (tshock/backups/sex.wld.2024-08-27T05.08.44Z.bak).
2024-08-27 05:09:16 - Utils: INFO: Broadcast: Saving world...
2024-08-27 05:18:44 - Utils: INFO: Broadcast: Saving world...
2024-08-27 05:18:45 - Utils: INFO: Broadcast: World saved.
2024-08-27 05:18:45 - SaveManager: INFO: World saved at (tshock/backups/sex.wld.2024-08-27T05.18.44Z.bak)
2024-08-27 05:18:45 - BackupManager: INFO: World backed up (tshock/backups/sex.wld.2024-08-27T05.18.44Z.bak).
2024-08-27 05:19:16 - Utils: INFO: Broadcast: Saving world...
2024-08-27 05:28:44 - Utils: INFO: Broadcast: Saving world...
2024-08-27 05:28:45 - Utils: INFO: Broadcast: World saved.
2024-08-27 05:28:45 - SaveManager: INFO: World saved at (tshock/backups/sex.wld.2024-08-27T05.28.44Z.bak)
2024-08-27 05:28:45 - BackupManager: INFO: World backed up (tshock/backups/sex.wld.2024-08-27T05.28.44Z.bak).
2024-08-27 05:29:16 - Utils: INFO: Broadcast: Saving world...
2024-08-27 05:38:44 - Utils: INFO: Broadcast: Saving world...
2024-08-27 05:38:45 - Utils: INFO: Broadcast: World saved.
2024-08-27 05:38:45 - SaveManager: INFO: World saved at (tshock/backups/sex.wld.2024-08-27T05.38.44Z.bak)
2024-08-27 05:38:45 - BackupManager: INFO: World backed up (tshock/backups/sex.wld.2024-08-27T05.38.44Z.bak).
2024-08-27 05:39:16 - Utils: INFO: Broadcast: Saving world...
