2024-08-25 02:44:41 - <>c: INFO: Port overridden by startup argument. Set to 7777
2024-08-25 02:44:41 - TShock: INFO: TShock 5.2.0.0 (Intensity) now running.
2024-08-25 02:44:41 - TShock: INFO: AutoSave Enabled
2024-08-25 02:44:41 - TShock: INFO: Backups Enabled
2024-08-25 02:44:41 - TShock: INFO: Welcome to TShock for Terraria!
2024-08-25 02:44:41 - TShock: INFO: TShock comes with no warranty & is free software.
2024-08-25 02:44:41 - TShock: INFO: You can modify & distribute it under the terms of the GNU GPLv3.
2024-08-25 02:44:41 - AutoTeamPlugin: ERROR: [AutoTeam] Config file not present. Generated a config file at tshock/AutoTeam/AutoTeam.json
2024-08-25 02:44:53 - TShock: INFO: Login before join enabled. Users may be prompted for an account specific password instead of a server password on connect.
2024-08-25 02:44:53 - TShock: INFO: Login using UUID enabled. Users automatically login via UUID.
2024-08-25 02:44:53 - TShock: INFO: A malicious server can easily steal a user's UUID. You may consider turning this option off if you run a public server.
2024-08-25 02:46:00 - GetDataHandlers: INFO: Goju authenticated successfully as user Goju.
2024-08-25 02:46:01 - TShock: INFO: Goju (127.0.0.1) from 'owner' group joined. (1/3)
2024-08-25 02:46:01 - Utils: INFO: Broadcast: Goju has joined.
2024-08-25 02:46:03 - AutoTeamPlugin: INFO: [AutoTeam] Set Goju's team to Red.
2024-08-25 02:46:12 - GetDataHandlers: INFO: kdeu19 authenticated successfully as user kdeu19.
2024-08-25 02:46:13 - TShock: INFO: kdeu19 (127.0.0.1) from 'default' group joined. (2/3)
2024-08-25 02:46:13 - Utils: INFO: Broadcast: kdeu19 has joined.
2024-08-25 02:46:14 - AutoTeamPlugin: INFO: [AutoTeam] Set kdeu19's team to Red.
2024-08-25 02:54:41 - Utils: INFO: Broadcast: Saving world...
2024-08-25 02:54:43 - Utils: INFO: Broadcast: World saved.
2024-08-25 02:54:43 - SaveManager: INFO: World saved at (tshock/backups/sex.wld.2024-08-25T02.54.41Z.bak)
2024-08-25 02:54:43 - BackupManager: INFO: World backed up (tshock/backups/sex.wld.2024-08-25T02.54.41Z.bak).
2024-08-25 02:56:00 - Utils: INFO: Broadcast: Saving world...
2024-08-25 03:04:41 - Utils: INFO: Broadcast: Saving world...
2024-08-25 03:04:43 - Utils: INFO: Broadcast: World saved.
2024-08-25 03:04:43 - SaveManager: INFO: World saved at (tshock/backups/sex.wld.2024-08-25T03.04.41Z.bak)
2024-08-25 03:04:43 - BackupManager: INFO: World backed up (tshock/backups/sex.wld.2024-08-25T03.04.41Z.bak).
2024-08-25 03:06:00 - Utils: INFO: Broadcast: Saving world...
2024-08-25 03:13:26 - Utils: INFO: kdeu19 summoned the Queen Bee!
2024-08-25 03:14:41 - Utils: INFO: Broadcast: Saving world...
2024-08-25 03:14:43 - Utils: INFO: Broadcast: World saved.
2024-08-25 03:14:43 - SaveManager: INFO: World saved at (tshock/backups/sex.wld.2024-08-25T03.14.41Z.bak)
2024-08-25 03:14:43 - BackupManager: INFO: World backed up (tshock/backups/sex.wld.2024-08-25T03.14.41Z.bak).
2024-08-25 03:16:00 - Utils: INFO: Broadcast: Saving world...
