2024-08-20 13:32:37 - <>c: INFO: Port overridden by startup argument. Set to 7777
2024-08-20 13:32:37 - TShock: INFO: TShock 5.2.0.0 (Intensity) now running.
2024-08-20 13:32:37 - TShock: INFO: AutoSave Enabled
2024-08-20 13:32:37 - TShock: INFO: Backups Enabled
2024-08-20 13:32:37 - TShock: INFO: Welcome to TShock for Terraria!
2024-08-20 13:32:37 - TShock: INFO: TShock comes with no warranty & is free software.
2024-08-20 13:32:37 - TShock: INFO: You can modify & distribute it under the terms of the GNU GPLv3.
2024-08-20 13:32:37 - AutoTeamPlugin: ERROR: [AutoTeam] Config file not present. Generated a config file at tshock/AutoTeam/AutoTeam.json
2024-08-20 13:32:48 - TShock: INFO: Login before join enabled. Users may be prompted for an account specific password instead of a server password on connect.
2024-08-20 13:32:48 - TShock: INFO: Login using UUID enabled. Users automatically login via UUID.
2024-08-20 13:32:48 - TShock: INFO: A malicious server can easily steal a user's UUID. You may consider turning this option off if you run a public server.
2024-08-20 13:38:38 - GetDataHandlers: INFO: kdeu19 authenticated successfully as user kdeu19.
2024-08-20 13:38:40 - TShock: INFO: kdeu19 (127.0.0.1) from 'default' group joined. (1/3)
2024-08-20 13:38:40 - Utils: INFO: Broadcast: kdeu19 has joined.
2024-08-20 13:38:40 - AutoTeamPlugin: INFO: [AutoTeam] Set kdeu19's team to Red.
2024-08-20 13:42:37 - Utils: INFO: Broadcast: Saving world...
2024-08-20 13:42:39 - Utils: INFO: Broadcast: World saved.
2024-08-20 13:42:39 - SaveManager: INFO: World saved at (tshock/backups/sex.wld.2024-08-20T13.42.37Z.bak)
2024-08-20 13:42:39 - BackupManager: INFO: World backed up (tshock/backups/sex.wld.2024-08-20T13.42.37Z.bak).
2024-08-20 13:43:28 - Utils: INFO: Server executed: /firework kdeu19.
2024-08-20 13:43:45 - Utils: INFO: Server executed: /firework kdeu19.
2024-08-20 13:48:37 - Utils: INFO: Broadcast: Saving world...
2024-08-20 13:52:37 - Utils: INFO: Broadcast: Saving world...
2024-08-20 13:52:39 - Utils: INFO: Broadcast: World saved.
2024-08-20 13:52:39 - SaveManager: INFO: World saved at (tshock/backups/sex.wld.2024-08-20T13.52.37Z.bak)
2024-08-20 13:52:39 - BackupManager: INFO: World backed up (tshock/backups/sex.wld.2024-08-20T13.52.37Z.bak).
2024-08-20 13:58:37 - Utils: INFO: Broadcast: Saving world...
2024-08-20 14:02:37 - Utils: INFO: Broadcast: Saving world...
2024-08-20 14:02:39 - Utils: INFO: Broadcast: World saved.
2024-08-20 14:02:39 - SaveManager: INFO: World saved at (tshock/backups/sex.wld.2024-08-20T14.02.37Z.bak)
2024-08-20 14:02:39 - BackupManager: INFO: World backed up (tshock/backups/sex.wld.2024-08-20T14.02.37Z.bak).
2024-08-20 14:08:37 - Utils: INFO: Broadcast: Saving world...
2024-08-20 14:12:37 - Utils: INFO: Broadcast: Saving world...
2024-08-20 14:12:39 - Utils: INFO: Broadcast: World saved.
2024-08-20 14:12:39 - SaveManager: INFO: World saved at (tshock/backups/sex.wld.2024-08-20T14.12.37Z.bak)
2024-08-20 14:12:39 - BackupManager: INFO: World backed up (tshock/backups/sex.wld.2024-08-20T14.12.37Z.bak).
2024-08-20 14:18:37 - Utils: INFO: Broadcast: Saving world...
2024-08-20 14:22:37 - Utils: INFO: Broadcast: Saving world...
2024-08-20 14:22:39 - Utils: INFO: Broadcast: World saved.
2024-08-20 14:22:39 - SaveManager: INFO: World saved at (tshock/backups/sex.wld.2024-08-20T14.22.37Z.bak)
2024-08-20 14:22:39 - BackupManager: INFO: World backed up (tshock/backups/sex.wld.2024-08-20T14.22.37Z.bak).
2024-08-20 14:27:41 - Utils: INFO: Server executed: /rocket kdeu19.
2024-08-20 14:28:37 - Utils: INFO: Broadcast: Saving world...
2024-08-20 14:32:37 - Utils: INFO: Broadcast: Saving world...
2024-08-20 14:32:39 - Utils: INFO: Broadcast: World saved.
2024-08-20 14:32:39 - SaveManager: INFO: World saved at (tshock/backups/sex.wld.2024-08-20T14.32.37Z.bak)
2024-08-20 14:32:39 - BackupManager: INFO: World backed up (tshock/backups/sex.wld.2024-08-20T14.32.37Z.bak).
2024-08-20 14:38:37 - Utils: INFO: Broadcast: Saving world...
2024-08-20 14:42:37 - Utils: INFO: Broadcast: Saving world...
2024-08-20 14:42:39 - SaveManager: INFO: Broadcast: World saved.
2024-08-20 14:42:39 - StartHelper: INFO: World saved at (tshock/backups/sex.wld.2024-08-20T14.42.37Z.bak)
2024-08-20 14:42:39 - BackupManager: INFO: World backed up (tshock/backups/sex.wld.2024-08-20T14.42.37Z.bak).
2024-08-20 14:45:28 - Commands: INFO: Server executed: /firework kdeu19.
2024-08-20 14:45:29 - Commands: INFO: Server executed: /save.
2024-08-20 14:45:29 - Utils: INFO: Broadcast: Saving world...
2024-08-20 14:45:31 - SaveManager: INFO: Broadcast: World saved.
2024-08-20 14:45:31 - StartHelper: INFO: World saved at (./sex.wld)
2024-08-20 14:45:59 - Commands: INFO: Server executed: /wind 999.
2024-08-20 14:46:00 - Commands: INFO: Server executed: /wind 0.
2024-08-20 14:48:37 - Utils: INFO: Broadcast: Saving world...
2024-08-20 14:52:37 - Utils: INFO: Broadcast: Saving world...
2024-08-20 14:52:39 - SaveManager: INFO: Broadcast: World saved.
2024-08-20 14:52:39 - StartHelper: INFO: World saved at (tshock/backups/sex.wld.2024-08-20T14.52.37Z.bak)
2024-08-20 14:52:39 - BackupManager: INFO: World backed up (tshock/backups/sex.wld.2024-08-20T14.52.37Z.bak).
2024-08-20 14:53:52 - Commands: INFO: Server executed: /save.
2024-08-20 14:53:52 - Utils: INFO: Broadcast: Saving world...
2024-08-20 14:53:54 - SaveManager: INFO: Broadcast: World saved.
2024-08-20 14:53:54 - StartHelper: INFO: World saved at (./sex.wld)
2024-08-20 14:53:59 - TShock: INFO: Broadcast: kdeu19 has left.
2024-08-20 14:53:59 - HandlerCollection`1: INFO: kdeu19 disconnected.
2024-08-20 14:53:59 - Utils: INFO: Broadcast: Saving world...
2024-08-20 14:54:01 - SaveManager: INFO: Broadcast: World saved.
2024-08-20 14:54:01 - StartHelper: INFO: World saved at (./sex.wld)
2024-08-20 14:54:10 - Commands: INFO: Server executed: /off.
2024-08-20 14:54:10 - SaveManager: INFO: Broadcast: Saving world...
2024-08-20 14:54:12 - StartHelper: INFO: Broadcast: World saved.
2024-08-20 14:54:12 - StartHelper: INFO: World saved at (./sex.wld)
2024-08-20 14:54:12 - Command: INFO: Broadcast: Server shutting down!
2024-08-20 14:54:12 - SaveManager: INFO: Broadcast: Saving world...
