2024-08-30 12:49:47 - <>c: INFO: Port overridden by startup argument. Set to 7777
2024-08-30 12:49:47 - TShock: INFO: TShock 5.2.0.0 (Intensity) now running.
2024-08-30 12:49:47 - TShock: INFO: AutoSave Enabled
2024-08-30 12:49:47 - TShock: INFO: Backups Enabled
2024-08-30 12:49:47 - TShock: INFO: Welcome to TShock for Terraria!
2024-08-30 12:49:47 - TShock: INFO: TShock comes with no warranty & is free software.
2024-08-30 12:49:47 - TShock: INFO: You can modify & distribute it under the terms of the GNU GPLv3.
2024-08-30 12:49:47 - AutoTeamPlugin: ERROR: [AutoTeam] Config file not present. Generated a config file at tshock/AutoTeam/AutoTeam.json
2024-08-30 12:49:54 - TShock: INFO: Login before join enabled. Users may be prompted for an account specific password instead of a server password on connect.
2024-08-30 12:49:54 - TShock: INFO: Login using UUID enabled. Users automatically login via UUID.
2024-08-30 12:49:54 - TShock: INFO: A malicious server can easily steal a user's UUID. You may consider turning this option off if you run a public server.
2024-08-30 12:50:49 - GetDataHandlers: INFO: kdeu19 authenticated successfully as user kdeu19.
2024-08-30 12:50:52 - TShock: INFO: kdeu19 (127.0.0.1) from 'default' group joined. (1/2)
2024-08-30 12:50:52 - Utils: INFO: Broadcast: kdeu19 has joined.
2024-08-30 12:50:52 - AutoTeamPlugin: INFO: [AutoTeam] Set kdeu19's team to Red.
2024-08-30 12:59:47 - Utils: INFO: Broadcast: Saving world...
2024-08-30 12:59:48 - Utils: INFO: Broadcast: World saved.
2024-08-30 12:59:48 - SaveManager: INFO: World saved at (tshock/backups/sex.wld.2024-08-30T12.59.47Z.bak)
2024-08-30 12:59:48 - BackupManager: INFO: World backed up (tshock/backups/sex.wld.2024-08-30T12.59.47Z.bak).
2024-08-30 13:00:49 - Utils: INFO: Broadcast: Saving world...
2024-08-30 13:09:47 - Utils: INFO: Broadcast: Saving world...
2024-08-30 13:09:48 - Utils: INFO: Broadcast: World saved.
2024-08-30 13:09:48 - SaveManager: INFO: World saved at (tshock/backups/sex.wld.2024-08-30T13.09.47Z.bak)
2024-08-30 13:09:48 - BackupManager: INFO: World backed up (tshock/backups/sex.wld.2024-08-30T13.09.47Z.bak).
2024-08-30 13:10:49 - Utils: INFO: Broadcast: Saving world...
2024-08-30 13:19:02 - TSPlayer: INFO: Player kdeu19 has been disabled for Reached TileKill threshold..
2024-08-30 13:19:47 - Utils: INFO: Broadcast: Saving world...
2024-08-30 13:19:48 - Utils: INFO: Broadcast: World saved.
2024-08-30 13:19:48 - SaveManager: INFO: World saved at (tshock/backups/sex.wld.2024-08-30T13.19.47Z.bak)
2024-08-30 13:19:48 - BackupManager: INFO: World backed up (tshock/backups/sex.wld.2024-08-30T13.19.47Z.bak).
2024-08-30 13:20:49 - Utils: INFO: Broadcast: Saving world...
2024-08-30 13:23:20 - GetDataHandlers: INFO: Goju authenticated successfully as user Goju.
2024-08-30 13:23:21 - TShock: INFO: Goju (127.0.0.1) from 'owner' group joined. (2/2)
2024-08-30 13:23:21 - Utils: INFO: Broadcast: Goju has joined.
2024-08-30 13:23:22 - AutoTeamPlugin: INFO: [AutoTeam] Set Goju's team to Red.
2024-08-30 13:26:24 - TSPlayer: INFO: Player kdeu19 has been disabled for Reached TileKill threshold..
2024-08-30 13:29:47 - Utils: INFO: Broadcast: Saving world...
2024-08-30 13:29:48 - Utils: INFO: Broadcast: World saved.
2024-08-30 13:29:48 - SaveManager: INFO: World saved at (tshock/backups/sex.wld.2024-08-30T13.29.47Z.bak)
2024-08-30 13:29:48 - BackupManager: INFO: World backed up (tshock/backups/sex.wld.2024-08-30T13.29.47Z.bak).
2024-08-30 13:30:49 - Utils: INFO: Broadcast: Saving world...
2024-08-30 13:39:47 - Utils: INFO: Broadcast: Saving world...
2024-08-30 13:39:48 - Utils: INFO: Broadcast: World saved.
2024-08-30 13:39:48 - SaveManager: INFO: World saved at (tshock/backups/sex.wld.2024-08-30T13.39.47Z.bak)
2024-08-30 13:39:48 - BackupManager: INFO: World backed up (tshock/backups/sex.wld.2024-08-30T13.39.47Z.bak).
2024-08-30 13:40:49 - Utils: INFO: Broadcast: Saving world...
2024-08-30 13:46:48 - Utils: INFO: Goju executed: /give megaphone goju.
2024-08-30 13:46:56 - Utils: INFO: Goju executed: /give megaphone goju.
2024-08-30 13:48:40 - Utils: INFO: Goju executed: /give "rainbow rod" Goju.
2024-08-30 13:49:47 - Utils: INFO: Broadcast: Saving world...
2024-08-30 13:49:48 - SaveManager: INFO: Broadcast: World saved.
2024-08-30 13:49:48 - StartHelper: INFO: World saved at (tshock/backups/sex.wld.2024-08-30T13.49.47Z.bak)
2024-08-30 13:49:48 - BackupManager: INFO: World backed up (tshock/backups/sex.wld.2024-08-30T13.49.47Z.bak).
2024-08-30 13:50:49 - Utils: INFO: Broadcast: Saving world...
2024-08-30 13:55:49 - Commands: INFO: Server executed: /firework goju.
2024-08-30 13:55:53 - Commands: INFO: Goju executed: /save.
2024-08-30 13:55:53 - Utils: INFO: Broadcast: Saving world...
2024-08-30 13:55:55 - SaveManager: INFO: Broadcast: World saved.
2024-08-30 13:55:55 - StartHelper: INFO: World saved at (./sex.wld)
2024-08-30 13:59:47 - Utils: INFO: Broadcast: Saving world...
2024-08-30 13:59:48 - SaveManager: INFO: Broadcast: World saved.
2024-08-30 13:59:48 - StartHelper: INFO: World saved at (tshock/backups/sex.wld.2024-08-30T13.59.47Z.bak)
2024-08-30 13:59:48 - BackupManager: INFO: World backed up (tshock/backups/sex.wld.2024-08-30T13.59.47Z.bak).
2024-08-30 14:00:49 - Utils: INFO: Broadcast: Saving world...
2024-08-30 14:09:47 - Utils: INFO: Broadcast: Saving world...
2024-08-30 14:09:48 - SaveManager: INFO: Broadcast: World saved.
2024-08-30 14:09:48 - StartHelper: INFO: World saved at (tshock/backups/sex.wld.2024-08-30T14.09.47Z.bak)
2024-08-30 14:09:48 - BackupManager: INFO: World backed up (tshock/backups/sex.wld.2024-08-30T14.09.47Z.bak).
2024-08-30 14:10:49 - Utils: INFO: Broadcast: Saving world...
2024-08-30 14:19:47 - Utils: INFO: Broadcast: Saving world...
2024-08-30 14:19:48 - SaveManager: INFO: Broadcast: World saved.
2024-08-30 14:19:48 - StartHelper: INFO: World saved at (tshock/backups/sex.wld.2024-08-30T14.19.47Z.bak)
2024-08-30 14:19:48 - BackupManager: INFO: World backed up (tshock/backups/sex.wld.2024-08-30T14.19.47Z.bak).
2024-08-30 14:19:52 - Commands: INFO: Server executed: /firework kdeu19.
2024-08-30 14:20:49 - SaveManager: INFO: Broadcast: Saving world...
2024-08-30 14:28:46 - HandlerCollection`1: INFO: Broadcast: Goju has left.
2024-08-30 14:28:46 - HandlerCollection`1: INFO: Goju disconnected.
2024-08-30 14:28:47 - HandlerCollection`1: INFO: Broadcast: kdeu19 has left.
2024-08-30 14:28:47 - HandlerCollection`1: INFO: kdeu19 disconnected.
2024-08-30 14:28:47 - SaveManager: INFO: Broadcast: Saving world...
2024-08-30 14:28:48 - StartHelper: INFO: Broadcast: World saved.
2024-08-30 14:28:48 - StartHelper: INFO: World saved at (./sex.wld)
2024-08-30 14:31:53 - SaveManager: INFO: Broadcast: Saving world...
2024-08-30 14:31:54 - StartHelper: INFO: Broadcast: World saved.
2024-08-30 14:31:54 - StartHelper: INFO: World saved at (tshock/backups/sex.wld.2024-08-30T14.31.53Z.bak)
2024-08-30 14:31:54 - BackupManager: INFO: World backed up (tshock/backups/sex.wld.2024-08-30T14.31.53Z.bak).
