2024-08-17 03:55:15 - TShock: INFO: TShock was improperly shut down. Please use the exit command in the future to prevent this.
2024-08-17 03:55:15 - <>c: INFO: Port overridden by startup argument. Set to 7777
2024-08-17 03:55:15 - TShock: INFO: TShock 5.2.0.0 (Intensity) now running.
2024-08-17 03:55:15 - TShock: INFO: AutoSave Enabled
2024-08-17 03:55:15 - TShock: INFO: Backups Enabled
2024-08-17 03:55:15 - TShock: INFO: Welcome to TShock for Terraria!
2024-08-17 03:55:15 - TShock: INFO: TShock comes with no warranty & is free software.
2024-08-17 03:55:15 - TShock: INFO: You can modify & distribute it under the terms of the GNU GPLv3.
2024-08-17 03:55:15 - AutoTeamPlugin: ERROR: [AutoTeam] Config file not present. Generated a config file at tshock/AutoTeam/AutoTeam.json
2024-08-17 03:55:26 - TShock: INFO: Login before join enabled. Users may be prompted for an account specific password instead of a server password on connect.
2024-08-17 03:55:26 - TShock: INFO: Login using UUID enabled. Users automatically login via UUID.
2024-08-17 03:55:26 - TShock: INFO: A malicious server can easily steal a user's UUID. You may consider turning this option off if you run a public server.
2024-08-17 03:55:46 - TShock: INFO: 1/2 (127.0.0.1) from 'guest' group joined. (1/3)
2024-08-17 03:55:46 - Utils: INFO: Broadcast: 1/2 has joined.
2024-08-17 03:55:46 - AutoTeamPlugin: INFO: [AutoTeam] Set 1/2's team to Red.
2024-08-17 03:55:50 - Utils: INFO: 1/2 executed (args omitted): /login.
2024-08-17 03:55:50 - Commands: WARNING: 127.0.0.1 failed to authenticate as user: Goju.
2024-08-17 03:55:55 - Utils: INFO: 1/2 executed (args omitted): /login.
2024-08-17 03:55:55 - Commands: INFO: 1/2 authenticated successfully as user: Goju.
2024-08-17 03:55:58 - GetDataHandlers: INFO: kdeu19 authenticated successfully as user kdeu19.
2024-08-17 03:56:00 - TShock: INFO: kdeu19 (127.0.0.1) from 'default' group joined. (2/3)
2024-08-17 03:56:00 - Utils: INFO: Broadcast: kdeu19 has joined.
2024-08-17 03:56:00 - AutoTeamPlugin: INFO: [AutoTeam] Set kdeu19's team to Red.
2024-08-17 03:56:04 - Utils: INFO: 1/2 executed: /help 2.
2024-08-17 03:56:14 - Utils: INFO: 1/2 executed: /renamenpc.
2024-08-17 03:56:26 - Utils: INFO: 1/2 executed: /renameNPC guide Nigger.
2024-08-17 03:57:15 - Utils: INFO: Server executed: /help 2.
2024-08-17 03:58:11 - Utils: INFO: 1/2 executed: /help 3.
2024-08-17 03:58:14 - Utils: INFO: 1/2 executed: /motd.
2024-08-17 03:59:43 - Utils: INFO: Broadcast: 1/2: nigger ez
2024-08-17 03:59:45 - Utils: INFO: Broadcast: 1/2: nigger ez
2024-08-17 04:01:09 - Utils: INFO: 1/2 executed: /save.
2024-08-17 04:01:09 - Utils: INFO: Broadcast: Saving world...
2024-08-17 04:01:11 - Utils: INFO: Broadcast: World saved.
2024-08-17 04:01:11 - SaveManager: INFO: World saved at (./sex.wld)
2024-08-17 04:03:01 - Utils: INFO: Broadcast: 1/2: ez
2024-08-17 04:03:02 - Utils: INFO: Broadcast: 1/2: ez
2024-08-17 04:03:02 - Utils: INFO: Broadcast: 1/2: ez
2024-08-17 04:04:04 - Utils: INFO: Server executed: /broadcast 1.
2024-08-17 04:04:04 - Utils: INFO: Broadcast: (Server Broadcast) 1
2024-08-17 04:05:15 - Utils: INFO: Broadcast: Saving world...
2024-08-17 04:05:17 - Utils: INFO: Broadcast: World saved.
2024-08-17 04:05:17 - SaveManager: INFO: World saved at (tshock/backups/sex.wld.2024-08-17T04.05.15Z.bak)
2024-08-17 04:05:17 - BackupManager: INFO: World backed up (tshock/backups/sex.wld.2024-08-17T04.05.15Z.bak).
2024-08-17 04:05:44 - Utils: INFO: Broadcast: Saving world...
2024-08-17 04:10:16 - Utils: INFO: Server executed: /broadcast a.
2024-08-17 04:10:16 - Utils: INFO: Broadcast: (Server Broadcast) a
2024-08-17 04:15:15 - Utils: INFO: Broadcast: Saving world...
2024-08-17 04:15:16 - Utils: INFO: Broadcast: World saved.
2024-08-17 04:15:16 - StartHelper: INFO: World saved at (tshock/backups/sex.wld.2024-08-17T04.15.15Z.bak)
2024-08-17 04:15:16 - BackupManager: INFO: World backed up (tshock/backups/sex.wld.2024-08-17T04.15.15Z.bak).
2024-08-17 04:15:44 - Utils: INFO: Broadcast: Saving world...
2024-08-17 04:25:15 - Utils: INFO: Broadcast: Saving world...
2024-08-17 04:25:16 - SaveManager: INFO: Broadcast: World saved.
2024-08-17 04:25:16 - StartHelper: INFO: World saved at (tshock/backups/sex.wld.2024-08-17T04.25.15Z.bak)
2024-08-17 04:25:16 - BackupManager: INFO: World backed up (tshock/backups/sex.wld.2024-08-17T04.25.15Z.bak).
2024-08-17 04:25:44 - Utils: INFO: Broadcast: Saving world...
2024-08-17 04:29:21 - Commands: INFO: Server executed: /save.
2024-08-17 04:29:21 - Utils: INFO: Broadcast: Saving world...
2024-08-17 04:29:23 - SaveManager: INFO: Broadcast: World saved.
2024-08-17 04:29:23 - StartHelper: INFO: World saved at (./sex.wld)
2024-08-17 04:29:27 - Commands: INFO: Server executed: /broadcast nigger.
2024-08-17 04:29:27 - Commands: INFO: Broadcast: (Server Broadcast) nigger
2024-08-17 04:33:00 - TShock: INFO: Broadcast: kdeu19 has left.
2024-08-17 04:33:00 - HandlerCollection`1: INFO: kdeu19 disconnected.
2024-08-17 04:35:15 - Utils: INFO: Broadcast: Saving world...
2024-08-17 04:35:16 - SaveManager: INFO: Broadcast: World saved.
2024-08-17 04:35:16 - StartHelper: INFO: World saved at (tshock/backups/sex.wld.2024-08-17T04.35.15Z.bak)
2024-08-17 04:35:16 - BackupManager: INFO: World backed up (tshock/backups/sex.wld.2024-08-17T04.35.15Z.bak).
2024-08-17 04:35:44 - Utils: INFO: Broadcast: Saving world...
2024-08-17 04:40:15 - Commands: INFO: Server executed: /broadcast ei ei e.
2024-08-17 04:40:15 - Commands: INFO: Broadcast: (Server Broadcast) ei ei e
2024-08-17 04:45:15 - Utils: INFO: Broadcast: Saving world...
2024-08-17 04:45:16 - SaveManager: INFO: Broadcast: World saved.
2024-08-17 04:45:16 - StartHelper: INFO: World saved at (tshock/backups/sex.wld.2024-08-17T04.45.15Z.bak)
2024-08-17 04:45:16 - BackupManager: INFO: World backed up (tshock/backups/sex.wld.2024-08-17T04.45.15Z.bak).
2024-08-17 04:45:44 - Utils: INFO: Broadcast: Saving world...
2024-08-17 04:55:15 - SaveManager: INFO: Broadcast: Saving world...
2024-08-17 04:55:16 - StartHelper: INFO: Broadcast: World saved.
2024-08-17 04:55:16 - StartHelper: INFO: World saved at (tshock/backups/sex.wld.2024-08-17T04.55.15Z.bak)
2024-08-17 04:55:16 - BackupManager: INFO: World backed up (tshock/backups/sex.wld.2024-08-17T04.55.15Z.bak).
2024-08-17 04:55:44 - HandlerCollection`1: INFO: Broadcast: 1/2 has left.
2024-08-17 04:55:44 - HandlerCollection`1: INFO: 1/2 disconnected.
2024-08-17 04:55:44 - SaveManager: INFO: Broadcast: Saving world...
2024-08-17 04:55:46 - StartHelper: INFO: Broadcast: World saved.
2024-08-17 04:55:46 - StartHelper: INFO: World saved at (./sex.wld)
2024-08-17 04:55:51 - Commands: INFO: Server executed: /save.
2024-08-17 04:55:51 - SaveManager: INFO: Broadcast: Saving world...
2024-08-17 04:55:52 - StartHelper: INFO: Broadcast: World saved.
2024-08-17 04:55:52 - StartHelper: INFO: World saved at (./sex.wld)
2024-08-17 04:57:08 - SaveManager: INFO: Broadcast: Saving world...
2024-08-17 04:57:09 - GetDataHandlers: INFO: kdeu19 authenticated successfully as user kdeu19.
2024-08-17 04:57:10 - HandlerCollection`1: INFO: kdeu19 (127.0.0.1) from 'default' group joined. (1/3)
2024-08-17 04:57:10 - TShock: INFO: Broadcast: kdeu19 has joined.
2024-08-17 04:57:11 - AutoTeamPlugin: INFO: [AutoTeam] Set kdeu19's team to Red.
2024-08-17 05:02:40 - HandlerCollection`1: INFO: Broadcast: kdeu19 has left.
2024-08-17 05:02:40 - HandlerCollection`1: INFO: kdeu19 disconnected.
2024-08-17 05:02:40 - SaveManager: INFO: Broadcast: Saving world...
2024-08-17 05:02:42 - StartHelper: INFO: Broadcast: World saved.
2024-08-17 05:02:42 - StartHelper: INFO: World saved at (./sex.wld)
2024-08-17 05:06:53 - SaveManager: INFO: Broadcast: Saving world...
2024-08-17 05:06:54 - GetDataHandlers: INFO: kdeu19 authenticated successfully as user kdeu19.
2024-08-17 05:06:55 - StartHelper: INFO: Broadcast: World saved.
2024-08-17 05:06:55 - StartHelper: INFO: World saved at (tshock/backups/sex.wld.2024-08-17T05.06.53Z.bak)
2024-08-17 05:06:55 - BackupManager: INFO: World backed up (tshock/backups/sex.wld.2024-08-17T05.06.53Z.bak).
2024-08-17 05:06:56 - HandlerCollection`1: INFO: kdeu19 (127.0.0.1) from 'default' group joined. (1/3)
2024-08-17 05:06:56 - TShock: INFO: Broadcast: kdeu19 has joined.
2024-08-17 05:06:56 - AutoTeamPlugin: INFO: [AutoTeam] Set kdeu19's team to Red.
2024-08-17 05:07:01 - HandlerCollection`1: INFO: Broadcast: kdeu19: ?
2024-08-17 05:11:21 - SaveManager: INFO: Broadcast: Saving world...
2024-08-17 05:14:36 - HandlerCollection`1: INFO: 1/2 (127.0.0.1) from 'guest' group joined. (2/3)
2024-08-17 05:14:36 - TShock: INFO: Broadcast: 1/2 has joined.
2024-08-17 05:14:36 - AutoTeamPlugin: INFO: [AutoTeam] Set 1/2's team to Red.
2024-08-17 05:14:43 - Commands: INFO: 1/2 executed (args omitted): /login.
2024-08-17 05:14:43 - Commands: INFO: 1/2 authenticated successfully as user: Goju.
2024-08-17 05:16:53 - SaveManager: INFO: Broadcast: Saving world...
2024-08-17 05:16:55 - StartHelper: INFO: Broadcast: World saved.
2024-08-17 05:16:55 - StartHelper: INFO: World saved at (tshock/backups/sex.wld.2024-08-17T05.16.53Z.bak)
2024-08-17 05:16:55 - BackupManager: INFO: World backed up (tshock/backups/sex.wld.2024-08-17T05.16.53Z.bak).
2024-08-17 05:21:21 - SaveManager: INFO: Broadcast: Saving world...
2024-08-17 05:26:53 - SaveManager: INFO: Broadcast: Saving world...
2024-08-17 05:26:55 - StartHelper: INFO: Broadcast: World saved.
2024-08-17 05:26:55 - StartHelper: INFO: World saved at (tshock/backups/sex.wld.2024-08-17T05.26.53Z.bak)
2024-08-17 05:26:55 - BackupManager: INFO: World backed up (tshock/backups/sex.wld.2024-08-17T05.26.53Z.bak).
2024-08-17 05:31:21 - SaveManager: INFO: Broadcast: Saving world...
2024-08-17 05:36:53 - SaveManager: INFO: Broadcast: Saving world...
2024-08-17 05:36:55 - StartHelper: INFO: Broadcast: World saved.
2024-08-17 05:36:55 - StartHelper: INFO: World saved at (tshock/backups/sex.wld.2024-08-17T05.36.53Z.bak)
2024-08-17 05:36:55 - BackupManager: INFO: World backed up (tshock/backups/sex.wld.2024-08-17T05.36.53Z.bak).
2024-08-17 05:41:21 - SaveManager: INFO: Broadcast: Saving world...
2024-08-17 05:42:04 - Commands: INFO: 1/2 executed: /heal.
2024-08-17 05:42:08 - Commands: INFO: 1/2 executed: /heal 1/2 100.
2024-08-17 05:42:26 - Commands: INFO: 1/2 executed: /help 3.
2024-08-17 05:42:29 - Commands: INFO: 1/2 executed: /help 4.
2024-08-17 05:42:32 - Commands: INFO: 1/2 executed: /peace.
2024-08-17 05:46:53 - SaveManager: INFO: Broadcast: Saving world...
2024-08-17 05:46:55 - StartHelper: INFO: Broadcast: World saved.
2024-08-17 05:46:55 - StartHelper: INFO: World saved at (tshock/backups/sex.wld.2024-08-17T05.46.53Z.bak)
2024-08-17 05:46:55 - BackupManager: INFO: World backed up (tshock/backups/sex.wld.2024-08-17T05.46.53Z.bak).
2024-08-17 05:51:21 - SaveManager: INFO: Broadcast: Saving world...
2024-08-17 05:56:36 - GetDataHandlers: INFO: kdeu19 summoned the Brain of Cthulhu!
2024-08-17 05:56:53 - SaveManager: INFO: Broadcast: Saving world...
2024-08-17 05:56:55 - StartHelper: INFO: Broadcast: World saved.
2024-08-17 05:56:55 - StartHelper: INFO: World saved at (tshock/backups/sex.wld.2024-08-17T05.56.53Z.bak)
2024-08-17 05:56:55 - BackupManager: INFO: World backed up (tshock/backups/sex.wld.2024-08-17T05.56.53Z.bak).
2024-08-17 05:58:32 - Commands: INFO: 1/2 executed: /give.
2024-08-17 06:01:22 - SaveManager: INFO: Broadcast: Saving world...
2024-08-17 06:06:53 - SaveManager: INFO: Broadcast: Saving world...
2024-08-17 06:06:55 - StartHelper: INFO: Broadcast: World saved.
2024-08-17 06:06:55 - StartHelper: INFO: World saved at (tshock/backups/sex.wld.2024-08-17T06.06.53Z.bak)
2024-08-17 06:06:55 - BackupManager: INFO: World backed up (tshock/backups/sex.wld.2024-08-17T06.06.53Z.bak).
2024-08-17 06:08:35 - GetDataHandlers: INFO: kdeu19 summoned the Brain of Cthulhu!
2024-08-17 06:11:22 - HandlerCollection`1: INFO: Broadcast: Saving world...
2024-08-17 06:15:47 - HandlerCollection`1: INFO: Broadcast: 1/2: t off
2024-08-17 06:15:52 - HandlerCollection`1: INFO: Broadcast: 1/2 has left.
2024-08-17 06:15:52 - HandlerCollection`1: INFO: 1/2 disconnected.
2024-08-17 06:16:23 - Commands: INFO: Server executed: /save.
2024-08-17 06:16:23 - HandlerCollection`1: INFO: Broadcast: Saving world...
2024-08-17 06:16:25 - StartHelper: INFO: Broadcast: World saved.
2024-08-17 06:16:25 - StartHelper: INFO: World saved at (./sex.wld)
2024-08-17 06:16:53 - HandlerCollection`1: INFO: Broadcast: Saving world...
2024-08-17 06:16:55 - StartHelper: INFO: Broadcast: World saved.
2024-08-17 06:16:55 - StartHelper: INFO: World saved at (tshock/backups/sex.wld.2024-08-17T06.16.53Z.bak)
2024-08-17 06:16:55 - BackupManager: INFO: World backed up (tshock/backups/sex.wld.2024-08-17T06.16.53Z.bak).
2024-08-17 06:21:22 - HandlerCollection`1: INFO: Broadcast: Saving world...
2024-08-17 06:26:53 - HandlerCollection`1: INFO: Broadcast: Saving world...
2024-08-17 06:26:55 - StartHelper: INFO: Broadcast: World saved.
2024-08-17 06:26:55 - StartHelper: INFO: World saved at (tshock/backups/sex.wld.2024-08-17T06.26.53Z.bak)
2024-08-17 06:26:55 - BackupManager: INFO: World backed up (tshock/backups/sex.wld.2024-08-17T06.26.53Z.bak).
2024-08-17 06:31:22 - HandlerCollection`1: INFO: Broadcast: Saving world...
2024-08-17 06:35:57 - TSPlayer: INFO: Player kdeu19 has been disabled for Reached TileKill threshold..
2024-08-17 06:36:38 - TSPlayer: INFO: Player kdeu19 has been disabled for Reached TileKill threshold..
2024-08-17 06:36:44 - TSPlayer: INFO: Player kdeu19 has been disabled for Reached TileKill threshold..
2024-08-17 06:36:53 - TSPlayer: INFO: Player kdeu19 has been disabled for Reached TileKill threshold..
2024-08-17 06:36:53 - HandlerCollection`1: INFO: Broadcast: Saving world...
2024-08-17 06:36:55 - StartHelper: INFO: Broadcast: World saved.
2024-08-17 06:36:55 - StartHelper: INFO: World saved at (tshock/backups/sex.wld.2024-08-17T06.36.53Z.bak)
2024-08-17 06:36:55 - BackupManager: INFO: World backed up (tshock/backups/sex.wld.2024-08-17T06.36.53Z.bak).
2024-08-17 06:37:04 - TSPlayer: INFO: Player kdeu19 has been disabled for Reached TileKill threshold..
2024-08-17 06:37:13 - TSPlayer: INFO: Player kdeu19 has been disabled for Reached TileKill threshold..
2024-08-17 06:37:20 - TSPlayer: INFO: Player kdeu19 has been disabled for Reached TileKill threshold..
2024-08-17 06:37:26 - TSPlayer: INFO: Player kdeu19 has been disabled for Reached TileKill threshold..
2024-08-17 06:40:41 - TSPlayer: INFO: Player kdeu19 has been disabled for Reached TileKill threshold..
2024-08-17 06:40:51 - TSPlayer: INFO: Player kdeu19 has been disabled for Reached TileKill threshold..
2024-08-17 06:41:07 - TSPlayer: INFO: Player kdeu19 has been disabled for Reached TileKill threshold..
2024-08-17 06:41:22 - HandlerCollection`1: INFO: Broadcast: Saving world...
2024-08-17 06:41:42 - TSPlayer: INFO: Player kdeu19 has been disabled for Reached TileKill threshold..
2024-08-17 06:42:32 - TSPlayer: INFO: Player kdeu19 has been disabled for Reached TileKill threshold..
2024-08-17 06:42:41 - TSPlayer: INFO: Player kdeu19 has been disabled for Reached TileKill threshold..
2024-08-17 06:42:48 - TSPlayer: INFO: Player kdeu19 has been disabled for Reached TileKill threshold..
2024-08-17 06:43:09 - TSPlayer: INFO: Player kdeu19 has been disabled for Reached TileKill threshold..
2024-08-17 06:43:18 - TSPlayer: INFO: Player kdeu19 has been disabled for Reached TileKill threshold..
2024-08-17 06:44:53 - TSPlayer: INFO: Player kdeu19 has been disabled for Reached TileKill threshold..
2024-08-17 06:45:02 - Bouncer: INFO: Player kdeu19 has been disabled for Reached TileKill threshold..
2024-08-17 06:45:10 - Commands: INFO: Server executed: /firework kdeu19.
2024-08-17 06:46:02 - Bouncer: INFO: Player kdeu19 has been disabled for Reached TileKill threshold..
2024-08-17 06:46:53 - HandlerCollection`1: INFO: Broadcast: Saving world...
2024-08-17 06:46:55 - StartHelper: INFO: Broadcast: World saved.
2024-08-17 06:46:55 - StartHelper: INFO: World saved at (tshock/backups/sex.wld.2024-08-17T06.46.53Z.bak)
2024-08-17 06:46:55 - BackupManager: INFO: World backed up (tshock/backups/sex.wld.2024-08-17T06.46.53Z.bak).
2024-08-17 06:47:39 - TShock: INFO: Player kdeu19 has been disabled for Reached TileKill threshold..
2024-08-17 06:48:04 - Bouncer: INFO: Player kdeu19 has been disabled for Reached TileKill threshold..
2024-08-17 06:48:49 - Bouncer: INFO: Player kdeu19 has been disabled for Reached TileKill threshold..
2024-08-17 06:51:22 - HandlerCollection`1: INFO: Broadcast: Saving world...
2024-08-17 06:54:31 - HandlerCollection`1: INFO: Broadcast: kdeu19 has left.
2024-08-17 06:54:31 - HandlerCollection`1: INFO: kdeu19 disconnected.
2024-08-17 06:54:31 - HandlerCollection`1: INFO: Broadcast: Saving world...
2024-08-17 06:54:32 - StartHelper: INFO: Broadcast: World saved.
2024-08-17 06:54:32 - StartHelper: INFO: World saved at (./sex.wld)
2024-08-17 06:57:56 - Commands: INFO: Server executed: /off.
2024-08-17 06:57:56 - HandlerCollection`1: INFO: Broadcast: Saving world...
2024-08-17 06:57:58 - StartHelper: INFO: Broadcast: World saved.
2024-08-17 06:57:58 - StartHelper: INFO: World saved at (./sex.wld)
2024-08-17 06:57:58 - Command: INFO: Broadcast: Server shutting down!
2024-08-17 06:57:58 - HandlerCollection`1: INFO: Broadcast: Saving world...
