2024-08-15 14:30:35 - TShock: INFO: TShock was improperly shut down. Please use the exit command in the future to prevent this.
2024-08-15 14:30:35 - <>c: INFO: Port overridden by startup argument. Set to 7777
2024-08-15 14:30:35 - TShock: INFO: TShock 5.2.0.0 (Intensity) now running.
2024-08-15 14:30:35 - TShock: INFO: AutoSave Enabled
2024-08-15 14:30:35 - TShock: INFO: Backups Enabled
2024-08-15 14:30:35 - TShock: INFO: Welcome to TShock for Terraria!
2024-08-15 14:30:35 - TShock: INFO: TShock comes with no warranty & is free software.
2024-08-15 14:30:35 - TShock: INFO: You can modify & distribute it under the terms of the GNU GPLv3.
2024-08-15 14:30:35 - AutoTeamPlugin: ERROR: [AutoTeam] Config file not present. Generated a config file at tshock/AutoTeam/AutoTeam.json
2024-08-15 14:30:46 - TShock: INFO: Login before join enabled. Users may be prompted for an account specific password instead of a server password on connect.
2024-08-15 14:30:46 - TShock: INFO: Login using UUID enabled. Users automatically login via UUID.
2024-08-15 14:30:46 - TShock: INFO: A malicious server can easily steal a user's UUID. You may consider turning this option off if you run a public server.
2024-08-15 14:33:31 - GetDataHandlers: INFO: kdeu19 authenticated successfully as user kdeu19.
2024-08-15 14:33:33 - TShock: INFO: kdeu19 (127.0.0.1) from 'default' group joined. (1/3)
2024-08-15 14:33:33 - Utils: INFO: Broadcast: kdeu19 has joined.
2024-08-15 14:33:33 - AutoTeamPlugin: INFO: [AutoTeam] Set kdeu19's team to Red.
2024-08-15 14:33:37 - GetDataHandlers: INFO: Goju authenticated successfully as user Goju.
2024-08-15 14:33:39 - TShock: INFO: Goju (127.0.0.1) from 'owner' group joined. (2/3)
2024-08-15 14:33:39 - Utils: INFO: Broadcast: Goju has joined.
2024-08-15 14:33:39 - AutoTeamPlugin: INFO: [AutoTeam] Set Goju's team to Red.
2024-08-15 14:33:48 - Utils: INFO: Goju executed: /save.
2024-08-15 14:33:48 - Utils: INFO: Broadcast: Saving world...
2024-08-15 14:33:50 - Utils: INFO: Broadcast: World saved.
2024-08-15 14:33:50 - SaveManager: INFO: World saved at (./sex.wld)
2024-08-15 14:33:50 - Utils: INFO: Broadcast: Goju: s/av
2024-08-15 14:33:51 - Utils: INFO: Broadcast: Goju: ez
2024-08-15 14:33:52 - Utils: INFO: Broadcast: Goju: ez
2024-08-15 14:33:52 - Utils: INFO: Broadcast: Goju: ez
2024-08-15 14:33:53 - Utils: INFO: Broadcast: Goju: ez
2024-08-15 14:33:53 - Utils: INFO: Broadcast: Goju: ez
2024-08-15 14:33:54 - Utils: INFO: Broadcast: Goju: ez
2024-08-15 14:38:40 - Utils: INFO: Goju executed: /rocket Goju.
2024-08-15 14:38:49 - Utils: INFO: Goju executed: /rocket Goju.
2024-08-15 14:39:15 - Utils: INFO: Broadcast: Goju: rocket Gojua
2024-08-15 14:39:28 - Utils: INFO: Goju executed: /rocket Goju.
2024-08-15 14:39:30 - Utils: INFO: Goju executed: /rocket Goju.
2024-08-15 14:39:32 - Utils: INFO: Goju executed: /rocket Goju.
2024-08-15 14:39:39 - Utils: INFO: Goju executed: /rocket Goju.
2024-08-15 14:39:47 - Utils: INFO: Goju executed: /rocket Goju.
2024-08-15 14:39:51 - Utils: INFO: Goju executed: /rocket Goju.
2024-08-15 14:40:08 - Utils: INFO: Goju executed: /rocket Goju.
2024-08-15 14:40:13 - Utils: INFO: Goju executed: /rocket Goju.
2024-08-15 14:40:17 - Utils: INFO: Goju executed: /rocket Goju.
2024-08-15 14:40:23 - Utils: INFO: Goju executed: /rocket Goju.
2024-08-15 14:40:35 - Utils: INFO: Broadcast: Saving world...
2024-08-15 14:40:37 - Utils: INFO: Broadcast: World saved.
2024-08-15 14:40:37 - SaveManager: INFO: World saved at (tshock/backups/sex.wld.2024-08-15T14.40.35Z.bak)
2024-08-15 14:40:37 - BackupManager: INFO: World backed up (tshock/backups/sex.wld.2024-08-15T14.40.35Z.bak).
2024-08-15 14:40:54 - TSPlayer: INFO: Player kdeu19 has been disabled for Reached TileKill threshold..
2024-08-15 14:40:58 - Commands: INFO: Goju executed: /rocket Goju.
2024-08-15 14:41:00 - Commands: INFO: Goju executed: /rocket Goju.
2024-08-15 14:41:06 - Commands: INFO: Goju executed: /rocket Goju.
2024-08-15 14:41:10 - Commands: INFO: Goju executed: /rocket Goju.
2024-08-15 14:41:16 - Commands: INFO: Goju executed: /rocket Goju.
2024-08-15 14:41:23 - Commands: INFO: Goju executed: /rocket Goju.
2024-08-15 14:41:29 - Commands: INFO: Goju executed: /rocket Goju.
2024-08-15 14:41:36 - Commands: INFO: Goju executed: /rocket Goju.
2024-08-15 14:41:43 - Commands: INFO: Goju executed: /rocket Goju.
2024-08-15 14:41:54 - Commands: INFO: Goju executed: /rocket Goju.
2024-08-15 14:41:59 - Commands: INFO: Goju executed: /rocket Goju.
2024-08-15 14:42:11 - Commands: INFO: Goju executed: /rocket Goju.
2024-08-15 14:42:19 - Commands: INFO: Goju executed: /rocket Goju.
2024-08-15 14:42:27 - Commands: INFO: Goju executed: /rocket Goju.
2024-08-15 14:43:30 - Utils: INFO: Broadcast: Saving world...
2024-08-15 14:50:35 - Utils: INFO: Broadcast: Saving world...
2024-08-15 14:50:37 - SaveManager: INFO: Broadcast: World saved.
2024-08-15 14:50:37 - StartHelper: INFO: World saved at (tshock/backups/sex.wld.2024-08-15T14.50.35Z.bak)
2024-08-15 14:50:37 - BackupManager: INFO: World backed up (tshock/backups/sex.wld.2024-08-15T14.50.35Z.bak).
2024-08-15 14:53:30 - Utils: INFO: Broadcast: Saving world...
2024-08-15 15:00:01 - TShock: INFO: Broadcast: Goju: Gojo
2024-08-15 15:00:35 - Utils: INFO: Broadcast: Saving world...
2024-08-15 15:00:37 - SaveManager: INFO: Broadcast: World saved.
2024-08-15 15:00:37 - StartHelper: INFO: World saved at (tshock/backups/sex.wld.2024-08-15T15.00.35Z.bak)
2024-08-15 15:00:37 - BackupManager: INFO: World backed up (tshock/backups/sex.wld.2024-08-15T15.00.35Z.bak).
2024-08-15 15:03:30 - Utils: INFO: Broadcast: Saving world...
2024-08-15 15:05:08 - Commands: INFO: Goju executed: /save.
2024-08-15 15:05:08 - Utils: INFO: Broadcast: Saving world...
2024-08-15 15:05:10 - SaveManager: INFO: Broadcast: World saved.
2024-08-15 15:05:10 - StartHelper: INFO: World saved at (./sex.wld)
2024-08-15 15:10:35 - Utils: INFO: Broadcast: Saving world...
2024-08-15 15:10:37 - SaveManager: INFO: Broadcast: World saved.
2024-08-15 15:10:37 - StartHelper: INFO: World saved at (tshock/backups/sex.wld.2024-08-15T15.10.35Z.bak)
2024-08-15 15:10:37 - BackupManager: INFO: World backed up (tshock/backups/sex.wld.2024-08-15T15.10.35Z.bak).
2024-08-15 15:13:29 - Commands: INFO: Goju executed: /save.
2024-08-15 15:13:29 - Utils: INFO: Broadcast: Saving world...
2024-08-15 15:13:30 - Utils: INFO: Broadcast: Saving world...
2024-08-15 15:13:30 - SaveManager: INFO: Broadcast: World saved.
2024-08-15 15:13:30 - StartHelper: INFO: World saved at (./sex.wld)
2024-08-15 15:20:35 - Utils: INFO: Broadcast: Saving world...
2024-08-15 15:20:37 - SaveManager: INFO: Broadcast: World saved.
2024-08-15 15:20:37 - StartHelper: INFO: World saved at (tshock/backups/sex.wld.2024-08-15T15.20.35Z.bak)
2024-08-15 15:20:37 - BackupManager: INFO: World backed up (tshock/backups/sex.wld.2024-08-15T15.20.35Z.bak).
2024-08-15 15:21:15 - Commands: INFO: Goju executed: /save.
2024-08-15 15:21:15 - SaveManager: INFO: Broadcast: Saving world...
2024-08-15 15:21:17 - StartHelper: INFO: Broadcast: World saved.
2024-08-15 15:21:17 - StartHelper: INFO: World saved at (./sex.wld)
2024-08-15 15:21:19 - HandlerCollection`1: INFO: Broadcast: kdeu19 has left.
2024-08-15 15:21:19 - HandlerCollection`1: INFO: kdeu19 disconnected.
2024-08-15 15:21:26 - HandlerCollection`1: INFO: Broadcast: Goju has left.
2024-08-15 15:21:26 - HandlerCollection`1: INFO: Goju disconnected.
2024-08-15 15:21:26 - SaveManager: INFO: Broadcast: Saving world...
2024-08-15 15:21:28 - StartHelper: INFO: Broadcast: World saved.
2024-08-15 15:21:28 - StartHelper: INFO: World saved at (./sex.wld)
2024-08-15 15:21:31 - Commands: INFO: Server executed: /off.
2024-08-15 15:21:31 - SaveManager: INFO: Broadcast: Saving world...
2024-08-15 15:21:32 - StartHelper: INFO: Broadcast: World saved.
2024-08-15 15:21:32 - StartHelper: INFO: World saved at (./sex.wld)
2024-08-15 15:21:32 - Command: INFO: Broadcast: Server shutting down!
2024-08-15 15:21:32 - SaveManager: INFO: Broadcast: Saving world...
